TN:
SF:./storage.js
FN:1,(anonymous_1)
FN:1,(anonymous_2)
FN:1,e
FN:1,s
FN:1,(anonymous_5)
FN:1,(anonymous_6)
FN:2,(anonymous_7)
FN:19,Binary
FN:66,put
FN:120,write
FN:175,read
FN:200,value
FN:237,length
FN:245,(anonymous_14)
FN:253,(anonymous_15)
FN:264,(anonymous_16)
FN:281,(anonymous_17)
FN:340,(anonymous_18)
FN:355,BinaryParser
FN:362,warn
FN:370,decodeInt
FN:380,encodeInt
FN:399,(anonymous_23)
FN:400,(anonymous_24)
FN:401,(anonymous_25)
FN:402,(anonymous_26)
FN:403,(anonymous_27)
FN:404,(anonymous_28)
FN:405,(anonymous_29)
FN:406,(anonymous_30)
FN:407,(anonymous_31)
FN:408,(anonymous_32)
FN:409,(anonymous_33)
FN:410,(anonymous_34)
FN:411,(anonymous_35)
FN:412,(anonymous_36)
FN:413,(anonymous_37)
FN:414,(anonymous_38)
FN:419,BinaryParserBuffer
FN:425,setBuffer
FN:436,hasNeededBits
FN:440,checkBuffer
FN:446,readBits
FN:449,shl
FN:479,(anonymous_45)
FN:500,Collection
FN:537,(anonymous_47)
FN:547,(anonymous_48)
FN:609,(anonymous_49)
FN:624,(anonymous_50)
FN:637,(anonymous_51)
FN:653,(anonymous_52)
FN:669,(anonymous_53)
FN:683,(anonymous_54)
FN:699,(anonymous_55)
FN:715,(anonymous_56)
FN:732,(anonymous_57)
FN:746,(anonymous_58)
FN:756,(anonymous_59)
FN:775,(anonymous_60)
FN:805,Document
FN:957,(anonymous_62)
FN:1008,(anonymous_63)
FN:1036,init
FN:1060,(anonymous_65)
FN:1106,(anonymous_66)
FN:1255,(anonymous_67)
FN:1274,(anonymous_68)
FN:1325,(anonymous_69)
FN:1368,(anonymous_70)
FN:1379,(anonymous_71)
FN:1399,(anonymous_72)
FN:1433,(anonymous_73)
FN:1458,(anonymous_74)
FN:1471,(anonymous_75)
FN:1489,(anonymous_76)
FN:1492,(anonymous_77)
FN:1494,(anonymous_78)
FN:1517,(anonymous_79)
FN:1536,(anonymous_80)
FN:1547,(anonymous_81)
FN:1566,isSelected
FN:1633,(anonymous_83)
FN:1637,(anonymous_84)
FN:1657,validatePath
FN:1663,(anonymous_86)
FN:1668,(anonymous_87)
FN:1682,complete
FN:1717,(anonymous_89)
FN:1740,reset
FN:1744,(anonymous_91)
FN:1747,(anonymous_92)
FN:1750,(anonymous_93)
FN:1765,(anonymous_94)
FN:1781,(anonymous_95)
FN:1784,(anonymous_96)
FN:1791,(anonymous_97)
FN:1800,(anonymous_98)
FN:1814,compile
FN:1839,getOwnPropertyDescriptors
FN:1842,(anonymous_101)
FN:1854,define
FN:1862,(anonymous_103)
FN:1887,(anonymous_104)
FN:1897,(anonymous_105)
FN:1907,(anonymous_106)
FN:1908,(anonymous_107)
FN:1924,(anonymous_108)
FN:1936,(anonymous_109)
FN:1940,docReducer
FN:1944,_docReduce
FN:1963,$__presaveValidate
FN:1968,(anonymous_113)
FN:1972,(anonymous_114)
FN:1985,(anonymous_115)
FN:1990,(anonymous_116)
FN:1993,(anonymous_117)
FN:1995,(anonymous_118)
FN:1998,(anonymous_119)
FN:2009,(anonymous_120)
FN:2021,(anonymous_121)
FN:2039,(anonymous_122)
FN:2140,(anonymous_123)
FN:2160,(anonymous_124)
FN:2172,(anonymous_125)
FN:2181,(anonymous_126)
FN:2183,(anonymous_127)
FN:2312,(anonymous_128)
FN:2381,minimize
FN:2418,applyGetters
FN:2461,(anonymous_131)
FN:2492,(anonymous_132)
FN:2519,(anonymous_133)
FN:2552,(anonymous_134)
FN:2566,(anonymous_135)
FN:2578,(anonymous_136)
FN:2620,(anonymous_137)
FN:2629,StorageError
FN:2639,(anonymous_139)
FN:2675,(anonymous_140)
FN:2692,CastError
FN:2712,(anonymous_142)
FN:2751,(anonymous_143)
FN:2764,MissingSchemaError
FN:2784,(anonymous_145)
FN:2800,ValidationError
FN:2818,(anonymous_147)
FN:2836,ValidatorError
FN:2850,(anonymous_149)
FN:2866,(anonymous_150)
FN:2881,Events
FN:2892,(anonymous_152)
FN:2909,(anonymous_153)
FN:2912,(anonymous_154)
FN:2931,(anonymous_155)
FN:2968,(anonymous_156)
FN:2988,(anonymous_157)
FN:3017,(anonymous_158)
FN:3048,(anonymous_159)
FN:3064,(anonymous_160)
FN:3065,(anonymous_161)
FN:3077,(anonymous_162)
FN:3078,(anonymous_163)
FN:3115,Storage
FN:3129,(anonymous_165)
FN:3149,(anonymous_166)
FN:3259,(anonymous_167)
FN:3274,(anonymous_168)
FN:3289,InternalCache
FN:3311,(anonymous_170)
FN:3340,(anonymous_171)
FN:3373,(anonymous_172)
FN:3404,(anonymous_173)
FN:3524,K
FN:3527,(anonymous_175)
FN:3570,Schema
FN:3633,idGetter
FN:3686,(anonymous_178)
FN:3712,add
FN:3788,(anonymous_180)
FN:3809,(anonymous_181)
FN:3835,(anonymous_182)
FN:3901,(anonymous_183)
FN:3918,requiredPaths
FN:3942,(anonymous_185)
FN:3958,getPositionalPath
FN:4005,(anonymous_187)
FN:4032,(anonymous_188)
FN:4058,(anonymous_189)
FN:4070,(anonymous_190)
FN:4106,(anonymous_191)
FN:4136,(anonymous_192)
FN:4152,(anonymous_193)
FN:4169,(anonymous_194)
FN:4181,(anonymous_195)
FN:4184,(anonymous_196)
FN:4199,(anonymous_197)
FN:4227,discriminator
FN:4242,mergeSchemas
FN:4255,validateOptions
FN:4341,(anonymous_201)
FN:4370,SchemaArray
FN:4416,(anonymous_203)
FN:4435,(anonymous_204)
FN:4446,(anonymous_205)
FN:4463,(anonymous_206)
FN:4492,(anonymous_207)
FN:4507,BooleanSchema
FN:4522,(anonymous_209)
FN:4532,(anonymous_210)
FN:4546,(anonymous_211)
FN:4547,(anonymous_212)
FN:4568,SchemaBuffer
FN:4584,(anonymous_214)
FN:4601,(anonymous_215)
FN:4672,(anonymous_216)
FN:4689,DateSchema
FN:4704,(anonymous_218)
FN:4714,(anonymous_219)
FN:4744,(anonymous_220)
FN:4767,DocumentArray
FN:4770,EmbeddedDocument
FN:4797,(anonymous_223)
FN:4815,(anonymous_224)
FN:4818,(anonymous_225)
FN:4838,(anonymous_226)
FN:4839,(anonymous_227)
FN:4861,(anonymous_228)
FN:4928,approximatelyEqual
FN:4934,(anonymous_230)
FN:4952,restorePopulatedFields
FN:4954,(anonymous_232)
FN:4963,(anonymous_233)
FN:4985,scopePaths
FN:5012,(anonymous_235)
FN:5042,(anonymous_236)
FN:5057,Mixed
FN:5067,(anonymous_238)
FN:5087,(anonymous_239)
FN:5099,(anonymous_240)
FN:5109,(anonymous_241)
FN:5126,NumberSchema
FN:5141,(anonymous_243)
FN:5179,(anonymous_244)
FN:5181,(anonymous_245)
FN:5189,(anonymous_246)
FN:5227,(anonymous_247)
FN:5229,(anonymous_248)
FN:5237,(anonymous_249)
FN:5251,(anonymous_250)
FN:5277,(anonymous_251)
FN:5297,ObjectId
FN:5313,(anonymous_253)
FN:5327,(anonymous_254)
FN:5344,(anonymous_255)
FN:5415,defaultId
FN:5419,resetId
FN:5430,(anonymous_258)
FN:5448,StringSchema
FN:5494,(anonymous_260)
FN:5496,(anonymous_261)
FN:5524,(anonymous_262)
FN:5545,(anonymous_263)
FN:5546,(anonymous_264)
FN:5566,(anonymous_265)
FN:5567,(anonymous_266)
FN:5591,(anonymous_267)
FN:5592,(anonymous_268)
FN:5636,match
FN:5641,matchValidator
FN:5657,checkRequired
FN:5670,(anonymous_272)
FN:5694,(anonymous_273)
FN:5715,SchemaType
FN:5774,(anonymous_275)
FN:5860,(anonymous_276)
FN:5928,(anonymous_277)
FN:6006,(anonymous_278)
FN:6058,(anonymous_279)
FN:6060,(anonymous_280)
FN:6071,(anonymous_281)
FN:6101,(anonymous_282)
FN:6123,(anonymous_283)
FN:6165,(anonymous_284)
FN:6191,(anonymous_285)
FN:6198,validate
FN:6207,(anonymous_287)
FN:6216,(anonymous_288)
FN:6236,(anonymous_289)
FN:6260,(anonymous_290)
FN:6268,StateMachine
FN:6287,(anonymous_292)
FN:6290,(anonymous_293)
FN:6306,(anonymous_294)
FN:6308,(anonymous_295)
FN:6326,_changeState
FN:6338,clear
FN:6358,some
FN:6361,(anonymous_299)
FN:6375,_iter
FN:6376,(anonymous_301)
FN:6385,(anonymous_302)
FN:6389,(anonymous_303)
FN:6409,forEach
FN:6429,map
FN:6435,(anonymous_306)
FN:6460,StorageArray
FN:6493,(anonymous_308)
FN:6535,(anonymous_309)
FN:6564,(anonymous_310)
FN:6582,(anonymous_311)
FN:6605,(anonymous_312)
FN:6636,(anonymous_313)
FN:6645,(anonymous_314)
FN:6666,splice
FN:6693,(anonymous_316)
FN:6710,(anonymous_317)
FN:6731,addToSet
FN:6738,(anonymous_319)
FN:6742,(anonymous_320)
FN:6746,(anonymous_321)
FN:6787,(anonymous_322)
FN:6800,(anonymous_323)
FN:6802,(anonymous_324)
FN:6819,indexOf
FN:6846,(anonymous_326)
FN:6847,(anonymous_327)
FN:6867,StorageBuffer
FN:6942,(anonymous_329)
FN:6955,(anonymous_330)
FN:6976,(anonymous_331)
FN:7001,(anonymous_332)
FN:7031,(anonymous_333)
FN:7045,(anonymous_334)
FN:7081,(anonymous_335)
FN:7102,(anonymous_336)
FN:7127,StorageDocumentArray
FN:7166,(anonymous_338)
FN:7198,(anonymous_339)
FN:7239,(anonymous_340)
FN:7240,(anonymous_341)
FN:7254,(anonymous_342)
FN:7265,notify
FN:7267,notify
FN:7282,(anonymous_345)
FN:7297,EmbeddedDocument
FN:7310,(anonymous_347)
FN:7333,(anonymous_348)
FN:7359,(anonymous_349)
FN:7371,(anonymous_350)
FN:7395,(anonymous_351)
FN:7407,(anonymous_352)
FN:7436,(anonymous_353)
FN:7460,(anonymous_354)
FN:7489,(anonymous_355)
FN:7498,(anonymous_356)
FN:7508,(anonymous_357)
FN:7522,(anonymous_358)
FN:7523,(anonymous_359)
FN:7552,ObjectId
FN:7587,(anonymous_361)
FN:7607,(anonymous_362)
FN:7618,(anonymous_363)
FN:7629,(anonymous_364)
FN:7649,(anonymous_365)
FN:7659,(anonymous_366)
FN:7670,equals
FN:7685,(anonymous_368)
FN:7699,createPk
FN:7710,createFromTime
FN:7723,createFromHexString
FN:7753,isValid
FN:7770,(anonymous_373)
FN:7773,(anonymous_374)
FN:7787,(anonymous_375)
FN:7788,(anonymous_376)
FN:7877,(anonymous_377)
FN:7880,(anonymous_378)
FN:7899,deepEqual
FN:7923,isRegExp
FN:7928,cloneRegExp
FN:7952,clone
FN:8004,cloneObject
FN:8045,cloneArray
FN:8060,merge
FN:8081,(anonymous_386)
FN:8094,(anonymous_387)
FN:8110,(anonymous_388)
FN:8122,(anonymous_389)
FN:8128,getFunctionName
FN:8137,(anonymous_391)
FN:8147,onmessage
FN:8161,(anonymous_393)
FN:8165,(anonymous_394)
FN:8172,(anonymous_395)
FN:8188,VirtualType
FN:8210,(anonymous_397)
FN:8232,(anonymous_398)
FN:8246,(anonymous_399)
FN:8263,(anonymous_400)
FN:8277,(anonymous_401)
FN:8318,(anonymous_402)
FN:8322,(anonymous_403)
FN:8343,Buffer
FN:8403,(anonymous_405)
FN:8407,(anonymous_406)
FN:8423,(anonymous_407)
FN:8442,(anonymous_408)
FN:8469,(anonymous_409)
FN:8505,(anonymous_410)
FN:8549,(anonymous_411)
FN:8554,(anonymous_412)
FN:8565,(anonymous_413)
FN:8571,(anonymous_414)
FN:8577,(anonymous_415)
FN:8582,hexWrite
FN:8609,utf8Write
FN:8614,asciiWrite
FN:8619,binaryWrite
FN:8623,base64Write
FN:8628,utf16leWrite
FN:8633,(anonymous_422)
FN:8690,(anonymous_423)
FN:8697,base64Slice
FN:8705,utf8Slice
FN:8722,asciiSlice
FN:8732,binarySlice
FN:8736,hexSlice
FN:8749,utf16leSlice
FN:8758,(anonymous_430)
FN:8797,checkOffset
FN:8804,(anonymous_432)
FN:8810,(anonymous_433)
FN:8816,(anonymous_434)
FN:8822,(anonymous_435)
FN:8832,(anonymous_436)
FN:8842,(anonymous_437)
FN:8850,(anonymous_438)
FN:8857,(anonymous_439)
FN:8864,(anonymous_440)
FN:8874,(anonymous_441)
FN:8884,(anonymous_442)
FN:8890,(anonymous_443)
FN:8896,(anonymous_444)
FN:8902,(anonymous_445)
FN:8908,checkInt
FN:8914,(anonymous_447)
FN:8924,objectWriteUInt16
FN:8932,(anonymous_449)
FN:8944,(anonymous_450)
FN:8956,objectWriteUInt32
FN:8963,(anonymous_452)
FN:8977,(anonymous_453)
FN:8991,(anonymous_454)
FN:9002,(anonymous_455)
FN:9014,(anonymous_456)
FN:9026,(anonymous_457)
FN:9040,(anonymous_458)
FN:9055,checkIEEE754
FN:9060,writeFloat
FN:9067,(anonymous_461)
FN:9071,(anonymous_462)
FN:9075,writeDouble
FN:9082,(anonymous_464)
FN:9086,(anonymous_465)
FN:9091,(anonymous_466)
FN:9127,(anonymous_467)
FN:9161,(anonymous_468)
FN:9185,(anonymous_469)
FN:9241,base64clean
FN:9251,stringtrim
FN:9256,isArrayish
FN:9262,toHex
FN:9267,utf8ToBytes
FN:9285,asciiToBytes
FN:9294,utf16leToBytes
FN:9308,base64ToBytes
FN:9312,blitBuffer
FN:9321,decodeUtf8Char
FN:9329,(anonymous_480)
FN:9332,(anonymous_481)
FN:9345,decode
FN:9361,b64ToByteArray
FN:9384,push
FN:9407,uint8ToBase64
FN:9413,encode
FN:9417,tripletToBase64
FN:9451,(anonymous_488)
FN:9452,(anonymous_489)
FN:9485,(anonymous_490)
FN:9537,(anonymous_491)
FN:9568,(anonymous_492)
FN:9572,(anonymous_493)
FN:9577,(anonymous_494)
FN:9585,(anonymous_495)
FN:9590,(anonymous_496)
FN:9601,nextTick
FN:9607,nextTick
FN:9617,noop
FN:9627,(anonymous_500)
FN:9632,(anonymous_501)
FN:9633,(anonymous_502)
FN:9637,(anonymous_503)
FNF:503
FNH:353
FNDA:1,(anonymous_1)
FNDA:1,(anonymous_2)
FNDA:1,e
FNDA:112,s
FNDA:110,(anonymous_5)
FNDA:1,(anonymous_6)
FNDA:1,(anonymous_7)
FNDA:1,Binary
FNDA:0,put
FNDA:0,write
FNDA:0,read
FNDA:0,value
FNDA:0,length
FNDA:0,(anonymous_14)
FNDA:0,(anonymous_15)
FNDA:0,(anonymous_16)
FNDA:0,(anonymous_17)
FNDA:1,(anonymous_18)
FNDA:0,BinaryParser
FNDA:0,warn
FNDA:30,decodeInt
FNDA:1815,encodeInt
FNDA:0,(anonymous_23)
FNDA:0,(anonymous_24)
FNDA:0,(anonymous_25)
FNDA:492,(anonymous_26)
FNDA:0,(anonymous_27)
FNDA:330,(anonymous_28)
FNDA:0,(anonymous_29)
FNDA:0,(anonymous_30)
FNDA:0,(anonymous_31)
FNDA:0,(anonymous_32)
FNDA:0,(anonymous_33)
FNDA:0,(anonymous_34)
FNDA:0,(anonymous_35)
FNDA:0,(anonymous_36)
FNDA:0,(anonymous_37)
FNDA:0,(anonymous_38)
FNDA:30,BinaryParserBuffer
FNDA:30,setBuffer
FNDA:30,hasNeededBits
FNDA:30,checkBuffer
FNDA:30,readBits
FNDA:90,shl
FNDA:1,(anonymous_45)
FNDA:81,Collection
FNDA:119,(anonymous_47)
FNDA:0,(anonymous_48)
FNDA:0,(anonymous_49)
FNDA:0,(anonymous_50)
FNDA:1,(anonymous_51)
FNDA:0,(anonymous_52)
FNDA:0,(anonymous_53)
FNDA:1,(anonymous_54)
FNDA:0,(anonymous_55)
FNDA:0,(anonymous_56)
FNDA:0,(anonymous_57)
FNDA:118,(anonymous_58)
FNDA:0,(anonymous_59)
FNDA:1,(anonymous_60)
FNDA:344,Document
FNDA:344,(anonymous_62)
FNDA:43,(anonymous_63)
FNDA:66,init
FNDA:111,(anonymous_65)
FNDA:772,(anonymous_66)
FNDA:458,(anonymous_67)
FNDA:462,(anonymous_68)
FNDA:462,(anonymous_69)
FNDA:1196,(anonymous_70)
FNDA:10,(anonymous_71)
FNDA:1579,(anonymous_72)
FNDA:2133,(anonymous_73)
FNDA:509,(anonymous_74)
FNDA:569,(anonymous_75)
FNDA:52,(anonymous_76)
FNDA:51,(anonymous_77)
FNDA:70,(anonymous_78)
FNDA:54,(anonymous_79)
FNDA:80,(anonymous_80)
FNDA:0,(anonymous_81)
FNDA:146,isSelected
FNDA:222,(anonymous_83)
FNDA:3,(anonymous_84)
FNDA:484,validatePath
FNDA:484,(anonymous_86)
FNDA:479,(anonymous_87)
FNDA:222,complete
FNDA:23,(anonymous_89)
FNDA:205,reset
FNDA:292,(anonymous_91)
FNDA:292,(anonymous_92)
FNDA:45,(anonymous_93)
FNDA:10,(anonymous_94)
FNDA:43,(anonymous_95)
FNDA:77,(anonymous_96)
FNDA:50,(anonymous_97)
FNDA:77,(anonymous_98)
FNDA:446,compile
FNDA:27,getOwnPropertyDescriptors
FNDA:446,(anonymous_101)
FNDA:1815,define
FNDA:120,(anonymous_103)
FNDA:1,(anonymous_104)
FNDA:6,(anonymous_105)
FNDA:1201,(anonymous_106)
FNDA:58,(anonymous_107)
FNDA:419,(anonymous_108)
FNDA:97,(anonymous_109)
FNDA:286,docReducer
FNDA:0,_docReduce
FNDA:98,$__presaveValidate
FNDA:0,(anonymous_113)
FNDA:98,(anonymous_114)
FNDA:98,(anonymous_115)
FNDA:216,(anonymous_116)
FNDA:216,(anonymous_117)
FNDA:0,(anonymous_118)
FNDA:0,(anonymous_119)
FNDA:2,(anonymous_120)
FNDA:43,(anonymous_121)
FNDA:90,(anonymous_122)
FNDA:98,(anonymous_123)
FNDA:97,(anonymous_124)
FNDA:0,(anonymous_125)
FNDA:90,(anonymous_126)
FNDA:7,(anonymous_127)
FNDA:341,(anonymous_128)
FNDA:23,minimize
FNDA:23,applyGetters
FNDA:21,(anonymous_131)
FNDA:55,(anonymous_132)
FNDA:86,(anonymous_133)
FNDA:0,(anonymous_134)
FNDA:0,(anonymous_135)
FNDA:0,(anonymous_136)
FNDA:1,(anonymous_137)
FNDA:79,StorageError
FNDA:47,(anonymous_139)
FNDA:1,(anonymous_140)
FNDA:16,CastError
FNDA:1,(anonymous_142)
FNDA:1,(anonymous_143)
FNDA:0,MissingSchemaError
FNDA:1,(anonymous_145)
FNDA:15,ValidationError
FNDA:1,(anonymous_147)
FNDA:47,ValidatorError
FNDA:0,(anonymous_149)
FNDA:1,(anonymous_150)
FNDA:0,Events
FNDA:519,(anonymous_152)
FNDA:0,(anonymous_153)
FNDA:0,(anonymous_154)
FNDA:14,(anonymous_155)
FNDA:209,(anonymous_156)
FNDA:0,(anonymous_157)
FNDA:707,(anonymous_158)
FNDA:174,(anonymous_159)
FNDA:2,(anonymous_160)
FNDA:0,(anonymous_161)
FNDA:1,(anonymous_162)
FNDA:1,(anonymous_163)
FNDA:1,Storage
FNDA:95,(anonymous_165)
FNDA:0,(anonymous_166)
FNDA:0,(anonymous_167)
FNDA:1,(anonymous_168)
FNDA:344,InternalCache
FNDA:1,(anonymous_170)
FNDA:1196,(anonymous_171)
FNDA:0,(anonymous_172)
FNDA:11,(anonymous_173)
FNDA:1207,K
FNDA:1,(anonymous_175)
FNDA:265,Schema
FNDA:32,idGetter
FNDA:243,(anonymous_178)
FNDA:485,add
FNDA:4149,(anonymous_180)
FNDA:56,(anonymous_181)
FNDA:600,(anonymous_182)
FNDA:0,(anonymous_183)
FNDA:549,requiredPaths
FNDA:937,(anonymous_185)
FNDA:60,getPositionalPath
FNDA:3,(anonymous_187)
FNDA:2,(anonymous_188)
FNDA:1,(anonymous_189)
FNDA:1,(anonymous_190)
FNDA:3,(anonymous_191)
FNDA:3,(anonymous_192)
FNDA:5,(anonymous_193)
FNDA:0,(anonymous_194)
FNDA:235,(anonymous_195)
FNDA:239,(anonymous_196)
FNDA:119,(anonymous_197)
FNDA:0,discriminator
FNDA:0,mergeSchemas
FNDA:0,validateOptions
FNDA:1,(anonymous_201)
FNDA:125,SchemaArray
FNDA:263,(anonymous_203)
FNDA:9,(anonymous_204)
FNDA:701,(anonymous_205)
FNDA:199,(anonymous_206)
FNDA:1,(anonymous_207)
FNDA:18,BooleanSchema
FNDA:4,(anonymous_209)
FNDA:19,(anonymous_210)
FNDA:1,(anonymous_211)
FNDA:1,(anonymous_212)
FNDA:4,SchemaBuffer
FNDA:0,(anonymous_214)
FNDA:2,(anonymous_215)
FNDA:1,(anonymous_216)
FNDA:17,DateSchema
FNDA:3,(anonymous_218)
FNDA:41,(anonymous_219)
FNDA:1,(anonymous_220)
FNDA:63,DocumentArray
FNDA:180,EmbeddedDocument
FNDA:121,(anonymous_223)
FNDA:79,(anonymous_224)
FNDA:79,(anonymous_225)
FNDA:117,(anonymous_226)
FNDA:117,(anonymous_227)
FNDA:174,(anonymous_228)
FNDA:10,approximatelyEqual
FNDA:8,(anonymous_230)
FNDA:60,restorePopulatedFields
FNDA:192,(anonymous_232)
FNDA:0,(anonymous_233)
FNDA:12,scopePaths
FNDA:1,(anonymous_235)
FNDA:1,(anonymous_236)
FNDA:40,Mixed
FNDA:2,(anonymous_238)
FNDA:4,(anonymous_239)
FNDA:88,(anonymous_240)
FNDA:1,(anonymous_241)
FNDA:48,NumberSchema
FNDA:3,(anonymous_243)
FNDA:4,(anonymous_244)
FNDA:2,(anonymous_245)
FNDA:8,(anonymous_246)
FNDA:5,(anonymous_247)
FNDA:1,(anonymous_248)
FNDA:9,(anonymous_249)
FNDA:189,(anonymous_250)
FNDA:1,(anonymous_251)
FNDA:234,ObjectId
FNDA:215,(anonymous_253)
FNDA:3,(anonymous_254)
FNDA:426,(anonymous_255)
FNDA:189,defaultId
FNDA:140,resetId
FNDA:1,(anonymous_258)
FNDA:181,StringSchema
FNDA:6,(anonymous_260)
FNDA:1,(anonymous_261)
FNDA:11,(anonymous_262)
FNDA:2,(anonymous_263)
FNDA:10,(anonymous_264)
FNDA:2,(anonymous_265)
FNDA:4,(anonymous_266)
FNDA:2,(anonymous_267)
FNDA:10,(anonymous_268)
FNDA:5,match
FNDA:16,matchValidator
FNDA:18,checkRequired
FNDA:335,(anonymous_272)
FNDA:1,(anonymous_273)
FNDA:667,SchemaType
FNDA:422,(anonymous_275)
FNDA:232,(anonymous_276)
FNDA:9,(anonymous_277)
FNDA:21,(anonymous_278)
FNDA:18,(anonymous_279)
FNDA:0,(anonymous_280)
FNDA:44,(anonymous_281)
FNDA:1176,(anonymous_282)
FNDA:559,(anonymous_283)
FNDA:1473,(anonymous_284)
FNDA:525,(anonymous_285)
FNDA:110,validate
FNDA:110,(anonymous_287)
FNDA:12,(anonymous_288)
FNDA:2484,(anonymous_289)
FNDA:1,(anonymous_290)
FNDA:354,StateMachine
FNDA:2,(anonymous_292)
FNDA:354,(anonymous_293)
FNDA:7,(anonymous_294)
FNDA:1299,(anonymous_295)
FNDA:1299,_changeState
FNDA:205,clear
FNDA:8,some
FNDA:8,(anonymous_299)
FNDA:125,_iter
FNDA:351,(anonymous_301)
FNDA:660,(anonymous_302)
FNDA:598,(anonymous_303)
FNDA:3,forEach
FNDA:122,map
FNDA:1,(anonymous_306)
FNDA:321,StorageArray
FNDA:86,(anonymous_308)
FNDA:263,(anonymous_309)
FNDA:44,(anonymous_310)
FNDA:3,(anonymous_311)
FNDA:3,(anonymous_312)
FNDA:13,(anonymous_313)
FNDA:32,(anonymous_314)
FNDA:2,splice
FNDA:3,(anonymous_316)
FNDA:2,(anonymous_317)
FNDA:19,addToSet
FNDA:42,(anonymous_319)
FNDA:20,(anonymous_320)
FNDA:19,(anonymous_321)
FNDA:15,(anonymous_322)
FNDA:23,(anonymous_323)
FNDA:0,(anonymous_324)
FNDA:133,indexOf
FNDA:1,(anonymous_326)
FNDA:1,(anonymous_327)
FNDA:10,StorageBuffer
FNDA:0,(anonymous_329)
FNDA:0,(anonymous_330)
FNDA:0,(anonymous_331)
FNDA:25,(anonymous_332)
FNDA:1,(anonymous_333)
FNDA:6,(anonymous_334)
FNDA:0,(anonymous_335)
FNDA:1,(anonymous_336)
FNDA:186,StorageDocumentArray
FNDA:44,(anonymous_338)
FNDA:38,(anonymous_339)
FNDA:44,(anonymous_340)
FNDA:84,(anonymous_341)
FNDA:8,(anonymous_342)
FNDA:328,notify
FNDA:114,notify
FNDA:1,(anonymous_345)
FNDA:191,EmbeddedDocument
FNDA:119,(anonymous_347)
FNDA:170,(anonymous_348)
FNDA:0,(anonymous_349)
FNDA:5,(anonymous_350)
FNDA:0,(anonymous_351)
FNDA:5,(anonymous_352)
FNDA:3,(anonymous_353)
FNDA:0,(anonymous_354)
FNDA:0,(anonymous_355)
FNDA:0,(anonymous_356)
FNDA:1,(anonymous_357)
FNDA:1,(anonymous_358)
FNDA:1,(anonymous_359)
FNDA:593,ObjectId
FNDA:560,(anonymous_361)
FNDA:330,(anonymous_362)
FNDA:0,(anonymous_363)
FNDA:330,(anonymous_364)
FNDA:543,(anonymous_365)
FNDA:4,(anonymous_366)
FNDA:42,equals
FNDA:1,(anonymous_368)
FNDA:0,createPk
FNDA:1,createFromTime
FNDA:52,createFromHexString
FNDA:592,isValid
FNDA:29,(anonymous_373)
FNDA:1,(anonymous_374)
FNDA:1,(anonymous_375)
FNDA:1,(anonymous_376)
FNDA:0,(anonymous_377)
FNDA:0,(anonymous_378)
FNDA:104,deepEqual
FNDA:5,isRegExp
FNDA:5,cloneRegExp
FNDA:3465,clone
FNDA:879,cloneObject
FNDA:406,cloneArray
FNDA:1,merge
FNDA:13,(anonymous_386)
FNDA:3185,(anonymous_387)
FNDA:1196,(anonymous_388)
FNDA:11,(anonymous_389)
FNDA:7998,getFunctionName
FNDA:1,(anonymous_391)
FNDA:0,onmessage
FNDA:0,(anonymous_393)
FNDA:0,(anonymous_394)
FNDA:1,(anonymous_395)
FNDA:235,VirtualType
FNDA:231,(anonymous_397)
FNDA:7,(anonymous_398)
FNDA:52,(anonymous_399)
FNDA:8,(anonymous_400)
FNDA:1,(anonymous_401)
FNDA:1,(anonymous_402)
FNDA:1,(anonymous_403)
FNDA:14,Buffer
FNDA:117,(anonymous_405)
FNDA:0,(anonymous_406)
FNDA:0,(anonymous_407)
FNDA:0,(anonymous_408)
FNDA:9,(anonymous_409)
FNDA:4,(anonymous_410)
FNDA:0,(anonymous_411)
FNDA:0,(anonymous_412)
FNDA:0,(anonymous_413)
FNDA:0,(anonymous_414)
FNDA:0,(anonymous_415)
FNDA:0,hexWrite
FNDA:8,utf8Write
FNDA:0,asciiWrite
FNDA:0,binaryWrite
FNDA:1,base64Write
FNDA:0,utf16leWrite
FNDA:9,(anonymous_422)
FNDA:0,(anonymous_423)
FNDA:0,base64Slice
FNDA:3,utf8Slice
FNDA:0,asciiSlice
FNDA:0,binarySlice
FNDA:0,hexSlice
FNDA:0,utf16leSlice
FNDA:0,(anonymous_430)
FNDA:0,checkOffset
FNDA:0,(anonymous_432)
FNDA:0,(anonymous_433)
FNDA:0,(anonymous_434)
FNDA:0,(anonymous_435)
FNDA:0,(anonymous_436)
FNDA:0,(anonymous_437)
FNDA:0,(anonymous_438)
FNDA:0,(anonymous_439)
FNDA:0,(anonymous_440)
FNDA:0,(anonymous_441)
FNDA:0,(anonymous_442)
FNDA:0,(anonymous_443)
FNDA:0,(anonymous_444)
FNDA:0,(anonymous_445)
FNDA:0,checkInt
FNDA:0,(anonymous_447)
FNDA:0,objectWriteUInt16
FNDA:0,(anonymous_449)
FNDA:0,(anonymous_450)
FNDA:0,objectWriteUInt32
FNDA:0,(anonymous_452)
FNDA:0,(anonymous_453)
FNDA:0,(anonymous_454)
FNDA:0,(anonymous_455)
FNDA:0,(anonymous_456)
FNDA:0,(anonymous_457)
FNDA:0,(anonymous_458)
FNDA:0,checkIEEE754
FNDA:0,writeFloat
FNDA:0,(anonymous_461)
FNDA:0,(anonymous_462)
FNDA:0,writeDouble
FNDA:0,(anonymous_464)
FNDA:0,(anonymous_465)
FNDA:0,(anonymous_466)
FNDA:0,(anonymous_467)
FNDA:0,(anonymous_468)
FNDA:14,(anonymous_469)
FNDA:1,base64clean
FNDA:1,stringtrim
FNDA:13,isArrayish
FNDA:0,toHex
FNDA:16,utf8ToBytes
FNDA:0,asciiToBytes
FNDA:0,utf16leToBytes
FNDA:2,base64ToBytes
FNDA:9,blitBuffer
FNDA:40,decodeUtf8Char
FNDA:1,(anonymous_480)
FNDA:1,(anonymous_481)
FNDA:30,decode
FNDA:2,b64ToByteArray
FNDA:22,push
FNDA:0,uint8ToBase64
FNDA:0,encode
FNDA:0,tripletToBase64
FNDA:1,(anonymous_488)
FNDA:0,(anonymous_489)
FNDA:0,(anonymous_490)
FNDA:1,(anonymous_491)
FNDA:0,(anonymous_492)
FNDA:1,(anonymous_493)
FNDA:1,(anonymous_494)
FNDA:0,(anonymous_495)
FNDA:484,(anonymous_496)
FNDA:484,nextTick
FNDA:0,nextTick
FNDA:0,noop
FNDA:0,(anonymous_500)
FNDA:0,(anonymous_501)
FNDA:0,(anonymous_502)
FNDA:1,(anonymous_503)
DA:1,112
DA:2,1
DA:19,1
DA:20,1
DA:22,1
DA:24,1
DA:25,0
DA:26,0
DA:28,1
DA:29,1
DA:32,1
DA:34,1
DA:36,0
DA:37,0
DA:38,0
DA:39,0
DA:41,0
DA:44,1
DA:46,1
DA:48,0
DA:49,0
DA:50,0
DA:51,0
DA:53,0
DA:56,0
DA:66,1
DA:68,0
DA:69,0
DA:72,0
DA:73,0
DA:74,0
DA:75,0
DA:76,0
DA:78,0
DA:81,0
DA:82,0
DA:84,0
DA:86,0
DA:88,0
DA:89,0
DA:90,0
DA:92,0
DA:94,0
DA:95,0
DA:97,0
DA:101,0
DA:102,0
DA:106,0
DA:108,0
DA:120,1
DA:121,0
DA:124,0
DA:125,0
DA:127,0
DA:128,0
DA:129,0
DA:130,0
DA:132,0
DA:134,0
DA:135,0
DA:140,0
DA:143,0
DA:144,0
DA:145,0
DA:147,0
DA:148,0
DA:149,0
DA:151,0
DA:153,0
DA:154,0
DA:157,0
DA:158,0
DA:159,0
DA:160,0
DA:163,0
DA:175,1
DA:176,0
DA:181,0
DA:182,0
DA:185,0
DA:186,0
DA:187,0
DA:191,0
DA:200,1
DA:201,0
DA:204,0
DA:205,0
DA:208,0
DA:209,0
DA:211,0
DA:213,0
DA:214,0
DA:217,0
DA:219,0
DA:220,0
DA:223,0
DA:226,0
DA:237,1
DA:238,0
DA:245,1
DA:246,0
DA:253,1
DA:254,0
DA:258,1
DA:264,1
DA:266,0
DA:268,0
DA:269,0
DA:272,0
DA:281,1
DA:282,0
DA:283,0
DA:284,0
DA:286,0
DA:289,1
DA:296,1
DA:302,1
DA:308,1
DA:314,1
DA:320,1
DA:326,1
DA:332,1
DA:337,1
DA:338,1
DA:348,1
DA:350,1
DA:351,1
DA:352,64
DA:355,1
DA:356,0
DA:358,0
DA:359,0
DA:362,1
DA:363,0
DA:364,0
DA:367,0
DA:370,1
DA:371,30
DA:375,30
DA:380,1
DA:381,1815
DA:383,1815
DA:384,0
DA:385,0
DA:388,1815
DA:389,0
DA:392,1815
DA:394,1815
DA:396,1815
DA:399,1
DA:400,1
DA:401,1
DA:402,492
DA:403,1
DA:404,330
DA:405,1
DA:406,1
DA:407,1
DA:408,1
DA:409,1
DA:410,1
DA:411,1
DA:412,1
DA:413,1
DA:414,1
DA:419,1
DA:420,30
DA:421,30
DA:422,30
DA:425,1
DA:426,30
DA:428,30
DA:429,30
DA:430,30
DA:431,30
DA:432,30
DA:436,1
DA:437,30
DA:440,1
DA:441,30
DA:442,0
DA:446,1
DA:449,1
DA:450,90
DA:451,90
DA:454,30
DA:455,0
DA:458,30
DA:460,30
DA:467,30
DA:469,30
DA:475,1
DA:477,1
DA:484,1
DA:500,1
DA:502,81
DA:504,81
DA:506,81
DA:507,0
DA:511,81
DA:514,81
DA:517,81
DA:519,81
DA:522,1
DA:538,119
DA:541,119
DA:544,119
DA:545,0
DA:547,0
DA:548,0
DA:551,0
DA:553,0
DA:556,119
DA:559,119
DA:560,3
DA:563,116
DA:567,116
DA:572,116
DA:573,116
DA:574,0
DA:577,116
DA:580,116
DA:586,115
DA:588,115
DA:592,118
DA:593,118
DA:596,118
DA:610,0
DA:625,0
DA:638,1
DA:654,0
DA:655,0
DA:670,0
DA:684,1
DA:700,0
DA:701,0
DA:716,0
DA:733,0
DA:735,0
DA:736,0
DA:737,0
DA:740,0
DA:748,118
DA:757,0
DA:758,0
DA:760,0
DA:761,0
DA:764,0
DA:765,0
DA:773,1
DA:780,1
DA:805,1
DA:806,344
DA:807,344
DA:811,344
DA:812,0
DA:813,0
DA:816,344
DA:817,0
DA:821,344
DA:822,0
DA:823,0
DA:825,0
DA:826,0
DA:831,344
DA:833,344
DA:834,117
DA:836,117
DA:837,113
DA:842,344
DA:843,0
DA:848,344
DA:849,1
DA:850,1
DA:855,344
DA:856,2
DA:857,2
DA:859,342
DA:860,342
DA:863,344
DA:865,344
DA:866,116
DA:867,116
DA:870,344
DA:871,344
DA:872,17
DA:875,344
DA:877,344
DA:879,344
DA:880,2
DA:881,342
DA:882,239
DA:886,343
DA:887,13
DA:890,343
DA:891,13
DA:898,1
DA:899,1
DA:907,1
DA:915,1
DA:930,1
DA:938,1
DA:940,1
DA:957,1
DA:958,344
DA:961,344
DA:965,344
DA:966,1313
DA:968,1313
DA:969,339
DA:970,337
DA:973,1167
DA:980,1167
DA:981,1618
DA:984,1618
DA:985,1167
DA:987,1167
DA:988,466
DA:989,466
DA:992,451
DA:997,344
DA:1008,1
DA:1009,43
DA:1023,43
DA:1025,43
DA:1036,1
DA:1037,66
DA:1039,66
DA:1045,66
DA:1046,141
DA:1047,141
DA:1048,141
DA:1050,141
DA:1053,23
DA:1054,23
DA:1056,118
DA:1057,1
DA:1058,117
DA:1059,117
DA:1060,111
DA:1061,111
DA:1064,6
DA:1067,117
DA:1070,118
DA:1106,1
DA:1107,772
DA:1108,2
DA:1109,2
DA:1112,772
DA:1117,772
DA:1121,772
DA:1122,0
DA:1123,0
DA:1126,772
DA:1129,281
DA:1130,0
DA:1131,0
DA:1132,0
DA:1135,281
DA:1139,281
DA:1141,281
DA:1147,281
DA:1148,422
DA:1149,422
DA:1150,422
DA:1159,13
DA:1161,409
DA:1162,391
DA:1163,383
DA:1165,8
DA:1166,1
DA:1169,18
DA:1170,18
DA:1174,280
DA:1181,491
DA:1182,491
DA:1184,11
DA:1185,11
DA:1186,11
DA:1189,480
DA:1190,480
DA:1191,480
DA:1193,480
DA:1196,13
DA:1198,13
DA:1199,34
DA:1200,34
DA:1201,34
DA:1203,3
DA:1204,3
DA:1208,13
DA:1209,10
DA:1210,9
DA:1212,1
DA:1215,467
DA:1216,7
DA:1217,7
DA:1218,7
DA:1220,460
DA:1223,463
DA:1228,463
DA:1229,422
DA:1231,41
DA:1232,76
DA:1233,76
DA:1236,16
DA:1237,16
DA:1241,41
DA:1245,463
DA:1249,463
DA:1250,5
DA:1251,5
DA:1254,458
DA:1255,458
DA:1256,458
DA:1259,458
DA:1260,457
DA:1263,458
DA:1274,1
DA:1277,462
DA:1279,81
DA:1282,0
DA:1285,81
DA:1287,0
DA:1290,81
DA:1291,44
DA:1315,37
DA:1325,1
DA:1326,462
DA:1328,462
DA:1329,425
DA:1332,462
DA:1336,462
DA:1337,514
DA:1340,514
DA:1341,462
DA:1343,462
DA:1346,52
DA:1347,40
DA:1349,12
DA:1350,0
DA:1352,12
DA:1353,1
DA:1356,11
DA:1368,1
DA:1369,1196
DA:1379,1
DA:1380,10
DA:1381,10
DA:1399,1
DA:1400,1579
DA:1401,1579
DA:1402,0
DA:1403,0
DA:1406,1579
DA:1410,1579
DA:1411,1783
DA:1416,1579
DA:1417,1524
DA:1420,1579
DA:1422,1579
DA:1433,1
DA:1434,2133
DA:1437,2133
DA:1438,0
DA:1440,2133
DA:1458,1
DA:1459,509
DA:1471,1
DA:1472,569
DA:1473,569
DA:1474,569
DA:1475,567
DA:1477,2
DA:1478,2
DA:1480,569
DA:1489,1
DA:1490,52
DA:1492,52
DA:1493,51
DA:1494,51
DA:1495,70
DA:1517,1
DA:1518,54
DA:1536,1
DA:1537,80
DA:1547,1
DA:1548,0
DA:1566,1
DA:1567,146
DA:1569,68
DA:1570,6
DA:1573,62
DA:1578,62
DA:1580,2
DA:1583,60
DA:1584,60
DA:1585,60
DA:1586,60
DA:1587,60
DA:1590,60
DA:1591,8
DA:1594,52
DA:1595,52
DA:1597,52
DA:1598,89
DA:1599,89
DA:1601,86
DA:1602,2
DA:1605,84
DA:1606,6
DA:1610,44
DA:1613,78
DA:1633,1
DA:1634,222
DA:1637,222
DA:1638,3
DA:1639,2
DA:1642,222
DA:1643,222
DA:1644,222
DA:1646,222
DA:1647,6
DA:1648,6
DA:1651,216
DA:1654,216
DA:1655,216
DA:1657,1
DA:1658,484
DA:1660,484
DA:1661,484
DA:1663,484
DA:1664,484
DA:1665,484
DA:1667,479
DA:1668,479
DA:1669,479
DA:1670,21
DA:1677,479
DA:1682,1
DA:1683,222
DA:1684,222
DA:1685,222
DA:1717,1
DA:1718,23
DA:1719,14
DA:1722,23
DA:1723,2
DA:1726,23
DA:1728,23
DA:1740,1
DA:1741,205
DA:1743,205
DA:1745,292
DA:1748,292
DA:1751,45
DA:1752,45
DA:1753,128
DA:1754,128
DA:1755,115
DA:1760,205
DA:1761,205
DA:1762,205
DA:1765,205
DA:1766,10
DA:1769,205
DA:1781,1
DA:1782,43
DA:1784,43
DA:1785,77
DA:1791,43
DA:1792,50
DA:1796,43
DA:1800,43
DA:1801,77
DA:1802,77
DA:1803,77
DA:1806,43
DA:1807,43
DA:1814,1
DA:1815,446
DA:1820,446
DA:1821,1815
DA:1822,1815
DA:1824,1815
DA:1839,1
DA:1840,27
DA:1842,27
DA:1843,446
DA:1844,446
DA:1847,27
DA:1854,1
DA:1855,1815
DA:1856,1815
DA:1858,1815
DA:1859,119
DA:1863,120
DA:1864,0
DA:1866,120
DA:1867,27
DA:1870,27
DA:1874,27
DA:1877,27
DA:1879,229
DA:1887,27
DA:1888,1
DA:1891,27
DA:1892,27
DA:1895,120
DA:1898,6
DA:1899,6
DA:1904,1696
DA:1907,1201
DA:1908,58
DA:1912,1815
DA:1924,1
DA:1925,419
DA:1926,419
DA:1936,1
DA:1937,97
DA:1938,97
DA:1940,1
DA:1941,286
DA:1942,286
DA:1943,286
DA:1944,0
DA:1945,0
DA:1946,0
DA:1947,0
DA:1949,286
DA:1952,97
DA:1963,1
DA:1966,98
DA:1968,98
DA:1969,0
DA:1971,98
DA:1972,98
DA:1973,98
DA:1975,98
DA:1985,1
DA:1986,98
DA:1989,98
DA:1991,216
DA:1994,216
DA:1996,0
DA:1998,0
DA:2009,1
DA:2010,2
DA:2011,2
DA:2021,1
DA:2022,43
DA:2024,43
DA:2028,43
DA:2029,77
DA:2030,77
DA:2032,77
DA:2033,77
DA:2036,43
DA:2039,1
DA:2041,90
DA:2042,90
DA:2043,90
DA:2046,90
DA:2048,90
DA:2050,47
DA:2052,47
DA:2058,0
DA:2059,0
DA:2064,47
DA:2065,47
DA:2067,0
DA:2070,47
DA:2071,47
DA:2072,47
DA:2074,47
DA:2079,43
DA:2081,43
DA:2083,43
DA:2084,42
DA:2087,42
DA:2088,42
DA:2090,0
DA:2093,1
DA:2094,1
DA:2097,43
DA:2100,90
DA:2140,1
DA:2141,98
DA:2142,98
DA:2145,98
DA:2146,0
DA:2147,0
DA:2148,0
DA:2152,98
DA:2153,98
DA:2154,1
DA:2155,1
DA:2159,97
DA:2160,97
DA:2161,97
DA:2162,7
DA:2163,7
DA:2165,90
DA:2171,97
DA:2172,97
DA:2173,97
DA:2176,97
DA:2179,97
DA:2182,90
DA:2186,7
DA:2187,0
DA:2188,0
DA:2190,7
DA:2193,97
DA:2312,1
DA:2313,341
DA:2315,2
DA:2320,339
DA:2321,339
DA:2323,116
DA:2328,339
DA:2329,212
DA:2332,339
DA:2333,96
DA:2336,339
DA:2338,339
DA:2339,12
DA:2342,339
DA:2343,11
DA:2346,11
DA:2347,11
DA:2356,339
DA:2358,10
DA:2361,10
DA:2362,8
DA:2366,339
DA:2367,15
DA:2368,15
DA:2371,339
DA:2381,1
DA:2382,23
DA:2388,23
DA:2389,97
DA:2390,97
DA:2392,97
DA:2393,12
DA:2396,97
DA:2397,35
DA:2398,35
DA:2401,62
DA:2404,23
DA:2418,1
DA:2419,23
DA:2424,23
DA:2425,96
DA:2427,96
DA:2433,96
DA:2434,145
DA:2435,145
DA:2436,96
DA:2438,49
DA:2443,23
DA:2461,1
DA:2468,21
DA:2471,10
DA:2475,21
DA:2477,21
DA:2492,1
DA:2493,55
DA:2494,55
DA:2495,55
DA:2496,1
DA:2498,54
DA:2519,1
DA:2524,86
DA:2525,0
DA:2526,0
DA:2527,0
DA:2528,0
DA:2533,86
DA:2534,86
DA:2535,0
DA:2538,0
DA:2539,0
DA:2540,0
DA:2552,1
DA:2554,0
DA:2566,1
DA:2567,0
DA:2568,0
DA:2571,0
DA:2578,1
DA:2579,0
DA:2585,0
DA:2586,0
DA:2588,0
DA:2590,0
DA:2597,0
DA:2598,0
DA:2601,0
DA:2602,0
DA:2604,0
DA:2605,0
DA:2607,0
DA:2617,1
DA:2618,1
DA:2629,1
DA:2630,79
DA:2631,79
DA:2633,1
DA:2639,1
DA:2640,47
DA:2642,47
DA:2651,1
DA:2660,1
DA:2666,1
DA:2667,1
DA:2668,1
DA:2672,1
DA:2680,1
DA:2692,1
DA:2693,16
DA:2694,16
DA:2695,16
DA:2696,16
DA:2697,16
DA:2703,1
DA:2704,1
DA:2710,1
DA:2736,1
DA:2738,1
DA:2739,1
DA:2740,1
DA:2742,1
DA:2743,1
DA:2744,1
DA:2746,1
DA:2747,1
DA:2748,1
DA:2756,1
DA:2764,1
DA:2765,0
DA:2767,0
DA:2769,0
DA:2776,1
DA:2777,1
DA:2783,1
DA:2790,1
DA:2800,1
DA:2801,15
DA:2802,15
DA:2803,15
DA:2809,1
DA:2810,1
DA:2816,1
DA:2823,1
DA:2824,1
DA:2836,1
DA:2837,47
DA:2838,47
DA:2839,47
DA:2840,47
DA:2841,47
DA:2842,47
DA:2843,47
DA:2850,1
DA:2851,0
DA:2857,1
DA:2858,1
DA:2864,1
DA:2881,1
DA:2883,1
DA:2893,519
DA:2894,519
DA:2895,519
DA:2896,519
DA:2897,519
DA:2910,0
DA:2911,0
DA:2912,0
DA:2913,0
DA:2914,0
DA:2916,0
DA:2917,0
DA:2932,14
DA:2933,14
DA:2934,14
DA:2935,0
DA:2936,0
DA:2938,14
DA:2939,14
DA:2940,14
DA:2941,14
DA:2942,14
DA:2943,14
DA:2944,14
DA:2945,50
DA:2946,50
DA:2948,36
DA:2952,14
DA:2956,14
DA:2969,209
DA:2970,174
DA:2971,174
DA:2972,174
DA:2973,174
DA:2974,174
DA:2975,174
DA:2976,174
DA:2989,0
DA:2990,0
DA:2991,0
DA:2992,0
DA:2993,0
DA:2994,0
DA:2995,0
DA:2996,0
DA:2997,0
DA:2999,0
DA:3004,1
DA:3017,1
DA:3018,707
DA:3021,707
DA:3022,0
DA:3023,0
DA:3025,0
DA:3029,707
DA:3030,0
DA:3031,0
DA:3032,0
DA:3034,0
DA:3037,707
DA:3048,1
DA:3049,174
DA:3050,174
DA:3051,0
DA:3052,233
DA:3053,0
DA:3054,0
DA:3055,0
DA:3059,1
DA:3064,1
DA:3065,2
DA:3066,0
DA:3067,0
DA:3068,0
DA:3069,0
DA:3070,0
DA:3071,0
DA:3075,1
DA:3078,1
DA:3097,1
DA:3115,1
DA:3116,1
DA:3129,1
DA:3130,95
DA:3131,14
DA:3132,14
DA:3135,81
DA:3136,0
DA:3139,81
DA:3141,81
DA:3149,1
DA:3150,0
DA:3159,1
DA:3167,1
DA:3180,1
DA:3188,1
DA:3201,1
DA:3209,1
DA:3234,1
DA:3242,1
DA:3250,1
DA:3254,1
DA:3255,1
DA:3256,1
DA:3257,1
DA:3259,1
DA:3260,0
DA:3269,1
DA:3271,1
DA:3283,1
DA:3285,1
DA:3287,1
DA:3289,1
DA:3290,344
DA:3291,344
DA:3292,344
DA:3293,344
DA:3294,344
DA:3295,344
DA:3296,344
DA:3297,344
DA:3298,344
DA:3299,344
DA:3300,344
DA:3301,344
DA:3302,344
DA:3303,344
DA:3304,344
DA:3307,344
DA:3308,344
DA:3340,1
DA:3341,1196
DA:3343,1196
DA:3344,0
DA:3345,0
DA:3346,0
DA:3348,0
DA:3349,0
DA:3353,1196
DA:3355,1196
DA:3359,1196
DA:3360,0
DA:3363,1196
DA:3366,1196
DA:3367,1443
DA:3369,1443
DA:3371,0
DA:3373,0
DA:3374,0
DA:3380,1443
DA:3381,0
DA:3383,1443
DA:3388,1443
DA:3391,1127
DA:3404,1
DA:3405,11
DA:3407,11
DA:3408,0
DA:3409,0
DA:3410,0
DA:3412,0
DA:3413,0
DA:3417,11
DA:3419,11
DA:3423,11
DA:3424,0
DA:3427,11
DA:3433,11
DA:3437,11
DA:3438,4
DA:3440,4
DA:3441,0
DA:3442,0
DA:3444,0
DA:3448,4
DA:3449,0
DA:3450,0
DA:3451,0
DA:3453,0
DA:3456,0
DA:3458,0
DA:3461,0
DA:3464,4
DA:3465,0
DA:3467,4
DA:3472,4
DA:3477,11
DA:3480,11
DA:3481,1
DA:3485,11
DA:3486,0
DA:3487,0
DA:3488,0
DA:3489,0
DA:3490,0
DA:3491,0
DA:3493,0
DA:3494,0
DA:3499,0
DA:3500,0
DA:3501,0
DA:3502,0
DA:3503,0
DA:3505,0
DA:3506,0
DA:3512,11
DA:3513,0
DA:3515,11
DA:3524,1
DA:3525,1207
DA:3532,1
DA:3570,1
DA:3571,265
DA:3572,22
DA:3575,243
DA:3576,1
DA:3577,1
DA:3579,242
DA:3580,242
DA:3581,242
DA:3582,242
DA:3585,243
DA:3586,243
DA:3587,243
DA:3588,243
DA:3592,243
DA:3594,243
DA:3595,243
DA:3596,243
DA:3597,243
DA:3598,243
DA:3599,243
DA:3600,243
DA:3601,243
DA:3602,243
DA:3603,243
DA:3604,243
DA:3606,243
DA:3608,243
DA:3609,0
DA:3613,243
DA:3614,233
DA:3618,227
DA:3619,227
DA:3620,215
DA:3624,227
DA:3625,227
DA:3626,222
DA:3633,1
DA:3634,32
DA:3635,13
DA:3638,19
DA:3646,1
DA:3647,1
DA:3661,1
DA:3677,1
DA:3686,1
DA:3687,243
DA:3697,243
DA:3712,1
DA:3713,485
DA:3714,485
DA:3716,485
DA:3717,645
DA:3719,645
DA:3720,2
DA:3723,643
DA:3727,37
DA:3729,30
DA:3730,30
DA:3733,7
DA:3737,606
DA:3754,1
DA:3755,1
DA:3756,1
DA:3788,1
DA:3789,4149
DA:3790,3536
DA:3791,261
DA:3794,220
DA:3800,613
DA:3801,9
DA:3805,604
DA:3809,604
DA:3810,56
DA:3811,56
DA:3812,4
DA:3817,4
DA:3819,52
DA:3822,600
DA:3824,600
DA:3825,595
DA:3835,1
DA:3836,600
DA:3837,600
DA:3838,277
DA:3844,600
DA:3848,600
DA:3849,8
DA:3852,592
DA:3854,125
DA:3858,125
DA:3859,46
DA:3862,79
DA:3863,1
DA:3864,78
DA:3867,17
DA:3870,62
DA:3873,467
DA:3879,467
DA:3880,466
DA:3883,467
DA:3884,1
DA:3889,466
DA:3901,1
DA:3902,0
DA:3905,0
DA:3906,0
DA:3909,0
DA:3918,1
DA:3919,549
DA:3921,146
DA:3925,146
DA:3926,380
DA:3927,380
DA:3930,146
DA:3942,1
DA:3943,937
DA:3944,88
DA:3945,75
DA:3946,49
DA:3948,49
DA:3949,3
DA:3951,46
DA:3958,1
DA:3959,60
DA:3960,60
DA:3961,10
DA:3964,50
DA:3965,50
DA:3967,50
DA:3971,50
DA:3972,93
DA:3974,93
DA:3975,16
DA:3977,10
DA:3979,6
DA:3981,16
DA:3985,77
DA:3987,35
DA:3988,4
DA:3989,4
DA:3992,31
DA:3995,50
DA:4005,1
DA:4006,3
DA:4007,3
DA:4032,1
DA:4033,2
DA:4058,1
DA:4059,1
DA:4070,1
DA:4071,1
DA:4072,1
DA:4106,1
DA:4107,3
DA:4108,1
DA:4109,2
DA:4111,2
DA:4112,3
DA:4136,1
DA:4137,3
DA:4138,1
DA:4139,3
DA:4141,2
DA:4142,3
DA:4152,1
DA:4153,5
DA:4154,0
DA:4157,5
DA:4159,5
DA:4169,1
DA:4170,0
DA:4181,1
DA:4182,235
DA:4183,235
DA:4184,235
DA:4185,239
DA:4188,239
DA:4199,1
DA:4200,119
DA:4209,1
DA:4227,1
DA:4228,0
DA:4229,0
DA:4232,0
DA:4233,0
DA:4236,0
DA:4237,0
DA:4238,0
DA:4242,0
DA:4243,0
DA:4245,0
DA:4246,0
DA:4247,0
DA:4248,0
DA:4250,0
DA:4251,0
DA:4255,0
DA:4256,0
DA:4257,0
DA:4258,0
DA:4259,0
DA:4260,0
DA:4261,0
DA:4263,0
DA:4264,0
DA:4268,0
DA:4271,0
DA:4272,0
DA:4273,0
DA:4276,0
DA:4279,0
DA:4280,0
DA:4283,0
DA:4284,0
DA:4287,0
DA:4288,0
DA:4291,0
DA:4298,1
DA:4299,1
DA:4328,1
DA:4331,1
DA:4338,1
DA:4339,1
DA:4346,1
DA:4370,1
DA:4371,125
DA:4372,125
DA:4374,125
DA:4375,4
DA:4377,4
DA:4378,4
DA:4379,4
DA:4381,0
DA:4386,125
DA:4390,125
DA:4394,125
DA:4395,125
DA:4398,125
DA:4400,125
DA:4401,62
DA:4405,125
DA:4407,125
DA:4411,125
DA:4412,6
DA:4413,6
DA:4416,125
DA:4417,263
DA:4418,263
DA:4426,1
DA:4427,1
DA:4435,1
DA:4436,9
DA:4446,1
DA:4447,701
DA:4449,5
DA:4452,696
DA:4463,1
DA:4464,199
DA:4465,198
DA:4466,56
DA:4469,198
DA:4470,198
DA:4471,198
DA:4472,130
DA:4476,1
DA:4480,197
DA:4482,1
DA:4490,1
DA:4497,1
DA:4507,1
DA:4508,18
DA:4514,1
DA:4515,1
DA:4522,1
DA:4523,4
DA:4532,1
DA:4533,19
DA:4534,17
DA:4535,16
DA:4536,15
DA:4537,14
DA:4544,1
DA:4547,1
DA:4552,1
DA:4568,1
DA:4569,4
DA:4575,1
DA:4576,1
DA:4584,1
DA:4585,0
DA:4586,0
DA:4588,0
DA:4601,1
DA:4602,2
DA:4605,0
DA:4606,0
DA:4610,0
DA:4612,0
DA:4613,0
DA:4614,0
DA:4618,0
DA:4619,0
DA:4620,0
DA:4621,0
DA:4627,0
DA:4628,0
DA:4629,0
DA:4630,0
DA:4631,0
DA:4632,0
DA:4636,2
DA:4637,0
DA:4640,2
DA:4641,1
DA:4642,1
DA:4645,1
DA:4646,1
DA:4647,0
DA:4648,0
DA:4651,0
DA:4654,1
DA:4656,1
DA:4657,1
DA:4658,1
DA:4659,1
DA:4662,0
DA:4669,1
DA:4677,1
DA:4678,1
DA:4689,1
DA:4690,17
DA:4696,1
DA:4697,1
DA:4704,1
DA:4705,3
DA:4714,1
DA:4715,41
DA:4716,0
DA:4718,41
DA:4719,26
DA:4721,15
DA:4724,15
DA:4726,12
DA:4729,3
DA:4730,3
DA:4732,15
DA:4733,15
DA:4735,0
DA:4742,1
DA:4750,1
DA:4767,1
DA:4770,1
DA:4771,180
DA:4774,63
DA:4775,63
DA:4776,63
DA:4779,63
DA:4780,1
DA:4784,63
DA:4785,1
DA:4788,63
DA:4789,63
DA:4791,63
DA:4793,63
DA:4794,63
DA:4795,63
DA:4797,63
DA:4798,121
DA:4799,121
DA:4800,121
DA:4807,1
DA:4808,1
DA:4815,1
DA:4816,79
DA:4818,79
DA:4819,79
DA:4821,79
DA:4824,79
DA:4830,47
DA:4832,130
DA:4833,130
DA:4834,13
DA:4835,13
DA:4838,117
DA:4839,117
DA:4840,117
DA:4842,0
DA:4843,0
DA:4845,117
DA:4861,1
DA:4862,174
DA:4866,174
DA:4867,2
DA:4871,172
DA:4872,2
DA:4875,170
DA:4876,45
DA:4877,45
DA:4878,7
DA:4879,14
DA:4884,170
DA:4886,170
DA:4887,87
DA:4888,78
DA:4889,12
DA:4890,12
DA:4891,12
DA:4893,66
DA:4894,66
DA:4897,66
DA:4900,6
DA:4902,60
DA:4904,60
DA:4909,66
DA:4914,170
DA:4928,1
DA:4929,10
DA:4932,10
DA:4933,10
DA:4934,7
DA:4935,8
DA:4936,2
DA:4941,10
DA:4952,1
DA:4953,60
DA:4954,60
DA:4955,192
DA:4957,192
DA:4958,0
DA:4959,0
DA:4961,0
DA:4963,0
DA:4964,0
DA:4966,0
DA:4967,0
DA:4968,0
DA:4985,1
DA:4986,12
DA:4988,1
DA:4995,1
DA:4996,1
DA:4997,1
DA:4998,1
DA:4999,1
DA:5003,1
DA:5010,1
DA:5018,1
DA:5020,1
DA:5022,1
DA:5024,1
DA:5026,1
DA:5028,1
DA:5030,1
DA:5032,1
DA:5034,1
DA:5038,1
DA:5039,1
DA:5040,1
DA:5047,1
DA:5057,1
DA:5058,40
DA:5059,4
DA:5060,4
DA:5062,1
DA:5063,3
DA:5067,1
DA:5068,2
DA:5073,40
DA:5079,1
DA:5080,1
DA:5087,1
DA:5088,4
DA:5099,1
DA:5100,88
DA:5107,1
DA:5114,1
DA:5126,1
DA:5127,48
DA:5133,1
DA:5134,1
DA:5141,1
DA:5142,3
DA:5143,0
DA:5145,3
DA:5179,1
DA:5180,4
DA:5181,1
DA:5182,2
DA:5186,4
DA:5187,3
DA:5188,3
DA:5189,3
DA:5190,8
DA:5194,4
DA:5227,1
DA:5228,5
DA:5229,1
DA:5230,1
DA:5234,5
DA:5235,4
DA:5236,4
DA:5237,4
DA:5238,9
DA:5242,5
DA:5251,1
DA:5252,189
DA:5256,189
DA:5257,185
DA:5258,183
DA:5259,181
DA:5260,181
DA:5261,180
DA:5262,2
DA:5264,1
DA:5268,5
DA:5275,1
DA:5282,1
DA:5297,1
DA:5298,234
DA:5304,1
DA:5305,1
DA:5313,1
DA:5314,215
DA:5315,215
DA:5316,215
DA:5319,215
DA:5327,1
DA:5328,3
DA:5329,0
DA:5331,3
DA:5344,1
DA:5346,426
DA:5348,426
DA:5351,7
DA:5352,0
DA:5355,7
DA:5356,4
DA:5357,4
DA:5361,3
DA:5362,2
DA:5363,1
DA:5364,0
DA:5368,1
DA:5369,1
DA:5370,0
DA:5374,1
DA:5375,0
DA:5380,1
DA:5381,1
DA:5383,1
DA:5386,419
DA:5389,419
DA:5390,0
DA:5391,0
DA:5395,419
DA:5396,374
DA:5398,45
DA:5399,5
DA:5401,38
DA:5402,38
DA:5403,38
DA:5405,10
DA:5409,0
DA:5415,1
DA:5416,189
DA:5419,1
DA:5420,140
DA:5421,140
DA:5428,1
DA:5435,1
DA:5448,1
DA:5449,181
DA:5450,181
DA:5451,181
DA:5457,1
DA:5458,1
DA:5494,1
DA:5495,6
DA:5496,1
DA:5497,1
DA:5499,1
DA:5502,6
DA:5503,0
DA:5506,6
DA:5507,6
DA:5509,6
DA:5510,2
DA:5511,2
DA:5513,4
DA:5514,4
DA:5517,6
DA:5518,16
DA:5519,15
DA:5523,6
DA:5524,6
DA:5525,11
DA:5527,6
DA:5529,6
DA:5545,1
DA:5546,2
DA:5547,10
DA:5548,10
DA:5549,0
DA:5566,1
DA:5567,2
DA:5568,4
DA:5569,4
DA:5570,0
DA:5591,1
DA:5592,2
DA:5593,10
DA:5594,10
DA:5595,0
DA:5636,1
DA:5639,5
DA:5641,1
DA:5642,16
DA:5647,5
DA:5648,5
DA:5657,1
DA:5658,18
DA:5659,0
DA:5661,18
DA:5670,1
DA:5671,335
DA:5672,1
DA:5675,334
DA:5677,334
DA:5678,0
DA:5680,334
DA:5681,334
DA:5685,0
DA:5692,1
DA:5699,1
DA:5702,1
DA:5703,1
DA:5704,1
DA:5715,1
DA:5716,667
DA:5717,667
DA:5718,667
DA:5719,667
DA:5720,667
DA:5721,667
DA:5723,893
DA:5724,296
DA:5728,296
DA:5774,1
DA:5775,422
DA:5776,421
DA:5780,421
DA:5782,1
DA:5783,1
DA:5785,1
DA:5860,1
DA:5861,232
DA:5862,1
DA:5863,231
DA:5864,231
DA:5928,1
DA:5929,9
DA:5930,1
DA:5931,8
DA:5932,8
DA:6006,1
DA:6007,21
DA:6008,14
DA:6009,14
DA:6010,14
DA:6011,14
DA:6014,7
DA:6017,7
DA:6018,8
DA:6019,8
DA:6020,4
DA:6024,4
DA:6026,4
DA:6029,2
DA:6058,1
DA:6059,18
DA:6060,0
DA:6061,0
DA:6064,0
DA:6065,0
DA:6068,18
DA:6069,18
DA:6071,18
DA:6074,44
DA:6077,0
DA:6079,44
DA:6082,18
DA:6083,1
DA:6084,1
DA:6087,18
DA:6088,18
DA:6090,18
DA:6101,1
DA:6102,1176
DA:6106,1176
DA:6107,474
DA:6109,702
DA:6123,1
DA:6124,559
DA:6125,4
DA:6130,555
DA:6135,555
DA:6136,37
DA:6137,83
DA:6141,555
DA:6142,392
DA:6143,390
DA:6146,163
DA:6147,175
DA:6150,163
DA:6153,163
DA:6155,163
DA:6165,1
DA:6166,1473
DA:6168,1472
DA:6172,1472
DA:6173,1451
DA:6176,21
DA:6177,22
DA:6180,21
DA:6191,1
DA:6192,525
DA:6196,525
DA:6198,1
DA:6199,110
DA:6200,107
DA:6201,62
DA:6203,45
DA:6207,92
DA:6208,110
DA:6212,110
DA:6213,1
DA:6214,109
DA:6215,109
DA:6216,12
DA:6217,12
DA:6220,97
DA:6236,1
DA:6238,2484
DA:6240,2484
DA:6241,13
DA:6242,13
DA:6243,12
DA:6247,2472
DA:6254,1
DA:6256,1
DA:6258,1
DA:6268,1
DA:6269,354
DA:6270,354
DA:6287,1
DA:6288,2
DA:6290,2
DA:6291,354
DA:6292,354
DA:6294,354
DA:6297,354
DA:6298,1406
DA:6299,1406
DA:6303,2
DA:6304,2
DA:6306,2
DA:6308,7
DA:6309,1299
DA:6313,2
DA:6326,1
DA:6327,1299
DA:6328,1299
DA:6330,1299
DA:6331,1299
DA:6338,1
DA:6339,205
DA:6343,205
DA:6344,292
DA:6345,292
DA:6346,292
DA:6358,1
DA:6359,8
DA:6360,8
DA:6361,8
DA:6362,8
DA:6375,1
DA:6376,125
DA:6377,351
DA:6381,351
DA:6383,351
DA:6385,351
DA:6386,660
DA:6389,351
DA:6390,598
DA:6409,1
DA:6410,3
DA:6411,3
DA:6429,1
DA:6430,122
DA:6431,122
DA:6442,1
DA:6443,1
DA:6444,1
DA:6445,1
DA:6460,1
DA:6461,321
DA:6462,321
DA:6463,321
DA:6465,321
DA:6466,321
DA:6467,321
DA:6469,321
DA:6470,307
DA:6471,307
DA:6474,321
DA:6477,1
DA:6494,86
DA:6495,86
DA:6497,86
DA:6500,86
DA:6501,25
DA:6506,86
DA:6509,86
DA:6511,0
DA:6515,0
DA:6516,0
DA:6519,0
DA:6520,0
DA:6523,86
DA:6536,263
DA:6539,263
DA:6540,254
DA:6542,254
DA:6543,31
DA:6545,16
DA:6548,15
DA:6552,254
DA:6555,263
DA:6565,44
DA:6568,44
DA:6569,44
DA:6583,3
DA:6585,3
DA:6586,3
DA:6606,3
DA:6608,3
DA:6609,3
DA:6637,13
DA:6642,13
DA:6643,45
DA:6644,45
DA:6645,32
DA:6646,11
DA:6648,18
DA:6649,5
DA:6653,13
DA:6654,13
DA:6667,2
DA:6669,2
DA:6670,2
DA:6671,2
DA:6672,5
DA:6676,2
DA:6678,2
DA:6681,2
DA:6694,3
DA:6695,3
DA:6697,3
DA:6698,3
DA:6711,2
DA:6713,2
DA:6714,2
DA:6732,19
DA:6738,19
DA:6739,42
DA:6740,42
DA:6742,20
DA:6743,10
DA:6745,7
DA:6746,19
DA:6747,7
DA:6749,25
DA:6752,42
DA:6753,24
DA:6755,24
DA:6756,24
DA:6760,19
DA:6788,15
DA:6789,15
DA:6790,15
DA:6801,23
DA:6802,0
DA:6803,0
DA:6809,23
DA:6820,133
DA:6821,133
DA:6822,374
DA:6823,106
DA:6825,27
DA:6838,1
DA:6844,1
DA:6847,1
DA:6852,1
DA:6853,1
DA:6867,1
DA:6868,10
DA:6869,10
DA:6871,10
DA:6872,1
DA:6874,9
DA:6877,10
DA:6878,10
DA:6879,10
DA:6881,10
DA:6883,2
DA:6884,2
DA:6886,8
DA:6889,10
DA:6890,10
DA:6891,10
DA:6894,10
DA:6900,10
DA:6901,0
DA:6906,10
DA:6907,10
DA:6916,1
DA:6943,0
DA:6945,0
DA:6946,0
DA:6948,0
DA:6956,0
DA:6958,0
DA:6959,0
DA:6962,0
DA:6977,0
DA:6979,0
DA:6980,0
DA:6983,0
DA:6991,1
DA:7002,25
DA:7003,16
DA:7031,1
DA:7032,1
DA:7035,1
DA:7045,1
DA:7046,6
DA:7047,1
DA:7050,5
DA:7051,1
DA:7054,4
DA:7055,43
DA:7058,3
DA:7081,1
DA:7082,0
DA:7083,0
DA:7086,0
DA:7087,0
DA:7090,0
DA:7097,1
DA:7099,1
DA:7107,1
DA:7127,1
DA:7128,186
DA:7132,186
DA:7133,186
DA:7135,186
DA:7136,186
DA:7137,186
DA:7138,186
DA:7140,186
DA:7141,164
DA:7142,164
DA:7143,164
DA:7149,164
DA:7150,164
DA:7153,186
DA:7159,1
DA:7166,1
DA:7167,44
DA:7168,7
DA:7170,2
DA:7171,2
DA:7173,7
DA:7179,37
DA:7180,5
DA:7183,37
DA:7198,1
DA:7199,38
DA:7203,38
DA:7204,38
DA:7205,27
DA:7207,11
DA:7210,38
DA:7211,61
DA:7213,61
DA:7214,1
DA:7215,1
DA:7216,60
DA:7217,13
DA:7218,13
DA:7219,47
DA:7220,24
DA:7224,9
DA:7239,1
DA:7240,44
DA:7241,84
DA:7254,1
DA:7255,8
DA:7265,1
DA:7266,328
DA:7267,328
DA:7268,114
DA:7269,114
DA:7270,132
DA:7271,119
DA:7280,1
DA:7287,1
DA:7297,1
DA:7298,191
DA:7299,183
DA:7300,183
DA:7302,8
DA:7303,8
DA:7306,191
DA:7309,191
DA:7310,191
DA:7311,119
DA:7318,1
DA:7319,1
DA:7333,1
DA:7334,170
DA:7336,154
DA:7338,154
DA:7342,138
DA:7344,16
DA:7359,1
DA:7360,0
DA:7361,0
DA:7362,0
DA:7371,1
DA:7372,5
DA:7374,5
DA:7375,5
DA:7376,5
DA:7377,5
DA:7378,0
DA:7381,5
DA:7382,5
DA:7385,5
DA:7386,0
DA:7388,5
DA:7395,1
DA:7396,0
DA:7407,1
DA:7408,5
DA:7409,1
DA:7410,1
DA:7413,4
DA:7414,4
DA:7415,4
DA:7420,4
DA:7421,4
DA:7423,0
DA:7426,4
DA:7427,0
DA:7428,4
DA:7436,1
DA:7437,3
DA:7438,0
DA:7441,3
DA:7442,3
DA:7444,2
DA:7445,0
DA:7448,2
DA:7460,1
DA:7461,0
DA:7462,0
DA:7463,0
DA:7465,0
DA:7466,0
DA:7467,0
DA:7468,0
DA:7471,0
DA:7473,0
DA:7475,0
DA:7479,0
DA:7489,1
DA:7490,0
DA:7498,1
DA:7499,0
DA:7506,1
DA:7514,1
DA:7515,1
DA:7517,1
DA:7519,1
DA:7520,1
DA:7523,1
DA:7528,1
DA:7538,1
DA:7541,1
DA:7552,1
DA:7553,593
DA:7554,584
DA:7556,583
DA:7557,583
DA:7560,583
DA:7561,1
DA:7562,582
DA:7563,11
DA:7564,571
DA:7566,330
DA:7567,241
DA:7569,241
DA:7572,571
DA:7576,1
DA:7577,1
DA:7578,256
DA:7587,1
DA:7588,560
DA:7590,553
DA:7592,553
DA:7593,6636
DA:7596,553
DA:7597,553
DA:7607,1
DA:7608,330
DA:7618,1
DA:7619,0
DA:7629,1
DA:7630,330
DA:7631,329
DA:7634,330
DA:7636,330
DA:7637,330
DA:7638,330
DA:7640,330
DA:7649,1
DA:7650,543
DA:7659,1
DA:7660,4
DA:7670,1
DA:7671,42
DA:7672,42
DA:7676,42
DA:7685,1
DA:7686,1
DA:7687,1
DA:7688,1
DA:7694,1
DA:7699,1
DA:7700,0
DA:7710,1
DA:7711,1
DA:7713,1
DA:7723,1
DA:7725,52
DA:7726,11
DA:7728,41
DA:7730,41
DA:7731,0
DA:7734,41
DA:7738,41
DA:7739,492
DA:7740,492
DA:7741,492
DA:7744,41
DA:7753,1
DA:7754,592
DA:7756,262
DA:7757,4
DA:7760,258
DA:7761,244
DA:7768,1
DA:7771,29
DA:7774,1
DA:7775,1
DA:7777,1
DA:7784,1
DA:7785,1
DA:7788,1
DA:7793,1
DA:7798,1
DA:7806,1
DA:7830,1
DA:7838,1
DA:7867,1
DA:7877,1
DA:7878,0
DA:7879,0
DA:7880,0
DA:7881,0
DA:7883,0
DA:7885,0
DA:7899,1
DA:7900,104
DA:7901,11
DA:7905,93
DA:7906,0
DA:7909,93
DA:7910,5
DA:7913,88
DA:7914,88
DA:7916,88
DA:7921,1
DA:7923,1
DA:7924,5
DA:7928,1
DA:7929,5
DA:7930,0
DA:7933,5
DA:7934,5
DA:7935,5
DA:7936,5
DA:7937,5
DA:7952,1
DA:7953,3465
DA:7954,50
DA:7956,3415
DA:7957,406
DA:7960,3009
DA:7961,164
DA:7962,11
DA:7964,153
DA:7968,2845
DA:7969,2844
DA:7971,878
DA:7973,62
DA:7975,5
DA:7978,1899
DA:7982,1900
DA:7983,384
DA:7984,185
DA:7987,199
DA:7990,1516
DA:7992,1
DA:7995,1515
DA:7996,1515
DA:7999,1
DA:8004,1
DA:8005,879
DA:8014,879
DA:8015,0
DA:8016,0
DA:8018,0
DA:8019,0
DA:8020,0
DA:8026,879
DA:8027,879
DA:8029,879
DA:8030,1827
DA:8031,1827
DA:8033,1827
DA:8034,1733
DA:8035,1733
DA:8040,879
DA:8045,1
DA:8046,406
DA:8047,406
DA:8048,507
DA:8050,406
DA:8060,1
DA:8061,1
DA:8065,1
DA:8066,2
DA:8067,2
DA:8068,1
DA:8069,1
DA:8070,0
DA:8081,1
DA:8082,13
DA:8094,1
DA:8095,3185
DA:8098,3185
DA:8101,1
DA:8110,1
DA:8111,1196
DA:8122,1
DA:8123,11
DA:8126,1
DA:8128,1
DA:8129,7998
DA:8130,7997
DA:8132,1
DA:8135,1
DA:8137,1
DA:8139,1
DA:8141,0
DA:8143,0
DA:8145,0
DA:8147,1
DA:8148,0
DA:8149,0
DA:8150,0
DA:8151,0
DA:8152,0
DA:8155,0
DA:8156,0
DA:8158,0
DA:8161,0
DA:8162,0
DA:8163,0
DA:8166,0
DA:8188,1
DA:8189,235
DA:8190,235
DA:8191,235
DA:8192,235
DA:8210,1
DA:8211,231
DA:8212,231
DA:8232,1
DA:8233,7
DA:8234,7
DA:8246,1
DA:8247,52
DA:8248,52
DA:8249,47
DA:8251,52
DA:8263,1
DA:8264,8
DA:8265,8
DA:8266,8
DA:8268,8
DA:8275,1
DA:8285,1
DA:8286,1
DA:8287,1
DA:8289,1
DA:8290,1
DA:8291,1
DA:8292,1
DA:8294,1
DA:8318,1
DA:8319,1
DA:8320,1
DA:8321,1
DA:8322,1
DA:8323,1
DA:8327,0
DA:8343,1
DA:8344,14
DA:8345,0
DA:8347,14
DA:8350,14
DA:8351,14
DA:8352,3
DA:8353,11
DA:8354,9
DA:8355,1
DA:8356,9
DA:8357,2
DA:8358,2
DA:8359,0
DA:8360,2
DA:8362,0
DA:8364,14
DA:8365,0
DA:8368,14
DA:8369,14
DA:8371,14
DA:8374,0
DA:8375,0
DA:8376,0
DA:8379,14
DA:8380,14
DA:8382,1
DA:8383,13
DA:8385,1
DA:8386,0
DA:8387,0
DA:8389,1
DA:8390,5
DA:8392,12
DA:8393,9
DA:8394,3
DA:8395,0
DA:8396,0
DA:8400,14
DA:8403,1
DA:8404,117
DA:8407,1
DA:8408,0
DA:8409,0
DA:8411,0
DA:8412,0
DA:8413,0
DA:8414,0
DA:8415,0
DA:8416,0
DA:8418,0
DA:8419,0
DA:8420,0
DA:8423,1
DA:8424,0
DA:8436,0
DA:8438,0
DA:8442,1
DA:8443,0
DA:8445,0
DA:8446,0
DA:8447,0
DA:8448,0
DA:8451,0
DA:8452,0
DA:8453,0
DA:8454,0
DA:8455,0
DA:8459,0
DA:8460,0
DA:8461,0
DA:8462,0
DA:8463,0
DA:8464,0
DA:8466,0
DA:8469,1
DA:8470,9
DA:8471,9
DA:8472,9
DA:8476,0
DA:8477,0
DA:8482,0
DA:8483,0
DA:8485,0
DA:8486,0
DA:8489,8
DA:8490,8
DA:8492,1
DA:8493,1
DA:8495,0
DA:8497,9
DA:8501,1
DA:8502,1
DA:8505,1
DA:8506,4
DA:8508,4
DA:8509,4
DA:8511,4
DA:8512,4
DA:8513,4
DA:8514,4
DA:8516,3
DA:8517,3
DA:8519,0
DA:8523,3
DA:8526,0
DA:8529,0
DA:8532,0
DA:8538,0
DA:8541,0
DA:8542,0
DA:8543,0
DA:8544,0
DA:8549,1
DA:8550,0
DA:8551,0
DA:8554,1
DA:8555,0
DA:8556,0
DA:8557,0
DA:8558,0
DA:8559,0
DA:8560,0
DA:8562,0
DA:8565,1
DA:8566,0
DA:8567,0
DA:8571,1
DA:8572,0
DA:8573,0
DA:8577,1
DA:8578,0
DA:8579,0
DA:8582,1
DA:8583,0
DA:8584,0
DA:8585,0
DA:8586,0
DA:8588,0
DA:8589,0
DA:8590,0
DA:8595,0
DA:8596,0
DA:8598,0
DA:8599,0
DA:8601,0
DA:8602,0
DA:8603,0
DA:8604,0
DA:8606,0
DA:8609,1
DA:8610,8
DA:8611,8
DA:8614,1
DA:8615,0
DA:8616,0
DA:8619,1
DA:8620,0
DA:8623,1
DA:8624,1
DA:8625,1
DA:8628,1
DA:8629,0
DA:8630,0
DA:8633,1
DA:8636,9
DA:8637,9
DA:8638,9
DA:8639,9
DA:8642,0
DA:8643,0
DA:8644,0
DA:8645,0
DA:8648,9
DA:8649,9
DA:8650,9
DA:8651,9
DA:8653,0
DA:8654,0
DA:8655,0
DA:8658,9
DA:8660,9
DA:8661,9
DA:8663,0
DA:8664,0
DA:8667,8
DA:8668,8
DA:8670,0
DA:8671,0
DA:8673,0
DA:8674,0
DA:8676,1
DA:8677,1
DA:8682,0
DA:8683,0
DA:8685,0
DA:8687,9
DA:8690,1
DA:8691,0
DA:8697,1
DA:8698,0
DA:8699,0
DA:8701,0
DA:8705,1
DA:8706,3
DA:8707,3
DA:8708,3
DA:8710,3
DA:8711,39
DA:8712,37
DA:8713,37
DA:8715,2
DA:8719,3
DA:8722,1
DA:8723,0
DA:8724,0
DA:8726,0
DA:8727,0
DA:8729,0
DA:8732,1
DA:8733,0
DA:8736,1
DA:8737,0
DA:8739,0
DA:8740,0
DA:8742,0
DA:8743,0
DA:8744,0
DA:8746,0
DA:8749,1
DA:8750,0
DA:8751,0
DA:8752,0
DA:8753,0
DA:8755,0
DA:8758,1
DA:8759,0
DA:8760,0
DA:8761,0
DA:8763,0
DA:8764,0
DA:8765,0
DA:8766,0
DA:8767,0
DA:8768,0
DA:8771,0
DA:8772,0
DA:8773,0
DA:8774,0
DA:8775,0
DA:8776,0
DA:8779,0
DA:8780,0
DA:8782,0
DA:8783,0
DA:8785,0
DA:8786,0
DA:8787,0
DA:8788,0
DA:8790,0
DA:8797,1
DA:8798,0
DA:8799,0
DA:8800,0
DA:8801,0
DA:8804,1
DA:8805,0
DA:8806,0
DA:8807,0
DA:8810,1
DA:8811,0
DA:8812,0
DA:8813,0
DA:8816,1
DA:8817,0
DA:8818,0
DA:8819,0
DA:8822,1
DA:8823,0
DA:8824,0
DA:8826,0
DA:8832,1
DA:8833,0
DA:8834,0
DA:8836,0
DA:8842,1
DA:8843,0
DA:8844,0
DA:8845,0
DA:8846,0
DA:8847,0
DA:8850,1
DA:8851,0
DA:8852,0
DA:8853,0
DA:8854,0
DA:8857,1
DA:8858,0
DA:8859,0
DA:8860,0
DA:8861,0
DA:8864,1
DA:8865,0
DA:8866,0
DA:8868,0
DA:8874,1
DA:8875,0
DA:8876,0
DA:8878,0
DA:8884,1
DA:8885,0
DA:8886,0
DA:8887,0
DA:8890,1
DA:8891,0
DA:8892,0
DA:8893,0
DA:8896,1
DA:8897,0
DA:8898,0
DA:8899,0
DA:8902,1
DA:8903,0
DA:8904,0
DA:8905,0
DA:8908,1
DA:8909,0
DA:8910,0
DA:8911,0
DA:8914,1
DA:8915,0
DA:8916,0
DA:8917,0
DA:8918,0
DA:8919,0
DA:8920,0
DA:8921,0
DA:8924,1
DA:8925,0
DA:8926,0
DA:8927,0
DA:8932,1
DA:8933,0
DA:8934,0
DA:8935,0
DA:8936,0
DA:8937,0
DA:8938,0
DA:8939,0
DA:8940,0
DA:8941,0
DA:8944,1
DA:8945,0
DA:8946,0
DA:8947,0
DA:8948,0
DA:8949,0
DA:8950,0
DA:8951,0
DA:8952,0
DA:8953,0
DA:8956,1
DA:8957,0
DA:8958,0
DA:8959,0
DA:8963,1
DA:8964,0
DA:8965,0
DA:8966,0
DA:8967,0
DA:8968,0
DA:8969,0
DA:8970,0
DA:8971,0
DA:8972,0
DA:8973,0
DA:8974,0
DA:8977,1
DA:8978,0
DA:8979,0
DA:8980,0
DA:8981,0
DA:8982,0
DA:8983,0
DA:8984,0
DA:8985,0
DA:8986,0
DA:8987,0
DA:8988,0
DA:8991,1
DA:8992,0
DA:8993,0
DA:8994,0
DA:8995,0
DA:8996,0
DA:8997,0
DA:8998,0
DA:8999,0
DA:9002,1
DA:9003,0
DA:9004,0
DA:9005,0
DA:9006,0
DA:9007,0
DA:9008,0
DA:9009,0
DA:9010,0
DA:9011,0
DA:9014,1
DA:9015,0
DA:9016,0
DA:9017,0
DA:9018,0
DA:9019,0
DA:9020,0
DA:9021,0
DA:9022,0
DA:9023,0
DA:9026,1
DA:9027,0
DA:9028,0
DA:9029,0
DA:9030,0
DA:9031,0
DA:9032,0
DA:9033,0
DA:9034,0
DA:9035,0
DA:9036,0
DA:9037,0
DA:9040,1
DA:9041,0
DA:9042,0
DA:9043,0
DA:9044,0
DA:9045,0
DA:9046,0
DA:9047,0
DA:9048,0
DA:9049,0
DA:9050,0
DA:9051,0
DA:9052,0
DA:9055,1
DA:9056,0
DA:9057,0
DA:9060,1
DA:9061,0
DA:9062,0
DA:9063,0
DA:9064,0
DA:9067,1
DA:9068,0
DA:9071,1
DA:9072,0
DA:9075,1
DA:9076,0
DA:9077,0
DA:9078,0
DA:9079,0
DA:9082,1
DA:9083,0
DA:9086,1
DA:9087,0
DA:9091,1
DA:9092,0
DA:9094,0
DA:9095,0
DA:9096,0
DA:9099,0
DA:9100,0
DA:9103,0
DA:9104,0
DA:9105,0
DA:9106,0
DA:9107,0
DA:9110,0
DA:9111,0
DA:9112,0
DA:9113,0
DA:9115,0
DA:9117,0
DA:9118,0
DA:9119,0
DA:9122,0
DA:9127,1
DA:9128,0
DA:9129,0
DA:9130,0
DA:9132,0
DA:9135,0
DA:9136,0
DA:9138,0
DA:9139,0
DA:9141,0
DA:9142,0
DA:9143,0
DA:9144,0
DA:9147,0
DA:9148,0
DA:9149,0
DA:9150,0
DA:9154,0
DA:9161,1
DA:9162,0
DA:9163,0
DA:9164,0
DA:9166,0
DA:9167,0
DA:9168,0
DA:9170,0
DA:9173,0
DA:9180,1
DA:9185,1
DA:9186,14
DA:9189,14
DA:9190,14
DA:9193,14
DA:9194,14
DA:9196,14
DA:9197,14
DA:9198,14
DA:9199,14
DA:9200,14
DA:9201,14
DA:9202,14
DA:9203,14
DA:9204,14
DA:9205,14
DA:9206,14
DA:9207,14
DA:9208,14
DA:9209,14
DA:9210,14
DA:9211,14
DA:9212,14
DA:9213,14
DA:9214,14
DA:9215,14
DA:9216,14
DA:9217,14
DA:9218,14
DA:9219,14
DA:9220,14
DA:9221,14
DA:9222,14
DA:9223,14
DA:9224,14
DA:9225,14
DA:9226,14
DA:9227,14
DA:9228,14
DA:9229,14
DA:9230,14
DA:9231,14
DA:9232,14
DA:9233,14
DA:9234,14
DA:9236,14
DA:9239,1
DA:9241,1
DA:9243,1
DA:9245,1
DA:9246,1
DA:9248,1
DA:9251,1
DA:9252,1
DA:9253,0
DA:9256,1
DA:9257,13
DA:9262,1
DA:9263,0
DA:9264,0
DA:9267,1
DA:9268,16
DA:9269,16
DA:9270,202
DA:9271,202
DA:9272,202
DA:9274,0
DA:9275,0
DA:9276,0
DA:9277,0
DA:9278,0
DA:9282,16
DA:9285,1
DA:9286,0
DA:9287,0
DA:9289,0
DA:9291,0
DA:9294,1
DA:9295,0
DA:9296,0
DA:9297,0
DA:9298,0
DA:9299,0
DA:9300,0
DA:9301,0
DA:9302,0
DA:9305,0
DA:9308,1
DA:9309,2
DA:9312,1
DA:9313,9
DA:9314,112
DA:9315,0
DA:9316,112
DA:9318,9
DA:9321,1
DA:9322,40
DA:9323,40
DA:9325,0
DA:9330,1
DA:9332,1
DA:9335,1
DA:9339,1
DA:9340,1
DA:9341,1
DA:9342,1
DA:9343,1
DA:9345,1
DA:9346,30
DA:9347,30
DA:9348,0
DA:9349,30
DA:9350,0
DA:9351,30
DA:9352,0
DA:9353,30
DA:9354,6
DA:9355,24
DA:9356,10
DA:9357,14
DA:9358,14
DA:9361,1
DA:9362,2
DA:9364,2
DA:9365,0
DA:9373,2
DA:9374,2
DA:9377,2
DA:9380,2
DA:9382,2
DA:9384,1
DA:9385,22
DA:9388,2
DA:9389,6
DA:9390,6
DA:9391,6
DA:9392,6
DA:9395,2
DA:9396,0
DA:9397,0
DA:9398,2
DA:9399,2
DA:9400,2
DA:9401,2
DA:9404,2
DA:9407,1
DA:9408,0
DA:9413,1
DA:9414,0
DA:9417,1
DA:9418,0
DA:9422,0
DA:9423,0
DA:9424,0
DA:9428,0
DA:9430,0
DA:9431,0
DA:9432,0
DA:9433,0
DA:9434,0
DA:9436,0
DA:9437,0
DA:9438,0
DA:9439,0
DA:9440,0
DA:9441,0
DA:9444,0
DA:9447,1
DA:9448,1
DA:9452,1
DA:9453,0
DA:9462,0
DA:9464,0
DA:9465,0
DA:9466,0
DA:9467,0
DA:9469,0
DA:9470,0
DA:9471,0
DA:9472,0
DA:9474,0
DA:9475,0
DA:9476,0
DA:9477,0
DA:9479,0
DA:9480,0
DA:9482,0
DA:9485,1
DA:9486,0
DA:9495,0
DA:9497,0
DA:9498,0
DA:9499,0
DA:9501,0
DA:9502,0
DA:9503,0
DA:9504,0
DA:9506,0
DA:9507,0
DA:9509,0
DA:9511,0
DA:9512,0
DA:9513,0
DA:9516,0
DA:9517,0
DA:9518,0
DA:9519,0
DA:9520,0
DA:9521,0
DA:9523,0
DA:9524,0
DA:9528,0
DA:9530,0
DA:9531,0
DA:9532,0
DA:9534,0
DA:9543,1
DA:9549,1
DA:9568,1
DA:9569,0
DA:9575,1
DA:9577,1
DA:9578,1
DA:9580,1
DA:9584,1
DA:9585,0
DA:9588,1
DA:9589,1
DA:9590,1
DA:9591,484
DA:9592,484
DA:9593,484
DA:9594,484
DA:9595,484
DA:9596,484
DA:9601,1
DA:9602,484
DA:9603,484
DA:9607,0
DA:9608,0
DA:9612,1
DA:9613,1
DA:9614,1
DA:9615,1
DA:9617,1
DA:9619,1
DA:9620,1
DA:9621,1
DA:9622,1
DA:9623,1
DA:9624,1
DA:9625,1
DA:9627,1
DA:9628,0
DA:9632,1
DA:9633,1
DA:9634,0
DA:9638,1
LF:3194
LH:2267
BRDA:1,1,0,0
BRDA:1,1,1,1
BRDA:1,2,0,1
BRDA:1,2,1,0
BRDA:1,3,0,0
BRDA:1,3,1,1
BRDA:1,4,0,1
BRDA:1,4,1,0
BRDA:1,5,0,1
BRDA:1,5,1,0
BRDA:1,6,0,0
BRDA:1,6,1,0
BRDA:1,7,0,0
BRDA:1,7,1,0
BRDA:1,8,0,41
BRDA:1,8,1,71
BRDA:1,9,0,0
BRDA:1,9,1,41
BRDA:1,10,0,0
BRDA:1,10,1,0
BRDA:1,11,0,0
BRDA:1,11,1,0
BRDA:1,12,0,0
BRDA:1,12,1,0
BRDA:1,13,0,0
BRDA:1,13,1,0
BRDA:1,14,0,110
BRDA:1,14,1,0
BRDA:1,15,0,1
BRDA:1,15,1,0
BRDA:20,16,0,0
BRDA:20,16,1,1
BRDA:24,17,0,0
BRDA:24,17,1,1
BRDA:28,18,0,0
BRDA:28,18,1,1
BRDA:32,19,0,1
BRDA:32,19,1,0
BRDA:32,20,0,1
BRDA:32,20,1,1
BRDA:34,21,0,0
BRDA:34,21,1,1
BRDA:36,22,0,0
BRDA:36,22,1,0
BRDA:38,23,0,0
BRDA:38,23,1,0
BRDA:38,24,0,0
BRDA:38,24,1,0
BRDA:48,25,0,0
BRDA:48,25,1,0
BRDA:50,26,0,0
BRDA:50,26,1,0
BRDA:68,27,0,0
BRDA:68,27,1,0
BRDA:68,28,0,0
BRDA:68,28,1,0
BRDA:68,28,2,0
BRDA:69,29,0,0
BRDA:69,29,1,0
BRDA:69,30,0,0
BRDA:69,30,1,0
BRDA:69,30,2,0
BRDA:73,31,0,0
BRDA:73,31,1,0
BRDA:75,32,0,0
BRDA:75,32,1,0
BRDA:81,33,0,0
BRDA:81,33,1,0
BRDA:84,34,0,0
BRDA:84,34,1,0
BRDA:84,35,0,0
BRDA:84,35,1,0
BRDA:94,36,0,0
BRDA:94,36,1,0
BRDA:121,37,0,0
BRDA:121,37,1,0
BRDA:124,38,0,0
BRDA:124,38,1,0
BRDA:127,39,0,0
BRDA:127,39,1,0
BRDA:127,40,0,0
BRDA:127,40,1,0
BRDA:130,41,0,0
BRDA:130,41,1,0
BRDA:143,42,0,0
BRDA:143,42,1,0
BRDA:143,43,0,0
BRDA:143,43,1,0
BRDA:143,43,2,0
BRDA:145,44,0,0
BRDA:145,44,1,0
BRDA:147,45,0,0
BRDA:147,45,1,0
BRDA:147,46,0,0
BRDA:147,46,1,0
BRDA:147,46,2,0
BRDA:149,47,0,0
BRDA:149,47,1,0
BRDA:151,48,0,0
BRDA:151,48,1,0
BRDA:151,49,0,0
BRDA:151,49,1,0
BRDA:151,49,2,0
BRDA:157,50,0,0
BRDA:157,50,1,0
BRDA:158,51,0,0
BRDA:158,51,1,0
BRDA:163,52,0,0
BRDA:163,52,1,0
BRDA:176,53,0,0
BRDA:176,53,1,0
BRDA:176,54,0,0
BRDA:176,54,1,0
BRDA:181,55,0,0
BRDA:181,55,1,0
BRDA:185,56,0,0
BRDA:185,56,1,0
BRDA:201,57,0,0
BRDA:201,57,1,0
BRDA:204,58,0,0
BRDA:204,58,1,0
BRDA:204,59,0,0
BRDA:204,59,1,0
BRDA:204,59,2,0
BRDA:204,59,3,0
BRDA:208,60,0,0
BRDA:208,60,1,0
BRDA:208,61,0,0
BRDA:208,61,1,0
BRDA:209,62,0,0
BRDA:209,62,1,0
BRDA:211,63,0,0
BRDA:211,63,1,0
BRDA:213,64,0,0
BRDA:213,64,1,0
BRDA:217,65,0,0
BRDA:217,65,1,0
BRDA:246,66,0,0
BRDA:246,66,1,0
BRDA:254,67,0,0
BRDA:254,67,1,0
BRDA:266,68,0,0
BRDA:266,68,1,0
BRDA:356,69,0,0
BRDA:356,69,1,0
BRDA:363,70,0,0
BRDA:363,70,1,0
BRDA:371,71,0,30
BRDA:371,71,1,30
BRDA:375,72,0,0
BRDA:375,72,1,30
BRDA:375,73,0,30
BRDA:375,73,1,30
BRDA:383,74,0,0
BRDA:383,74,1,1815
BRDA:383,75,0,1815
BRDA:383,75,1,1815
BRDA:388,76,0,0
BRDA:388,76,1,1815
BRDA:396,77,0,663
BRDA:396,77,1,1152
BRDA:396,78,0,1815
BRDA:396,78,1,1815
BRDA:420,79,0,30
BRDA:420,79,1,0
BRDA:428,80,0,30
BRDA:428,80,1,0
BRDA:432,81,0,30
BRDA:432,81,1,30
BRDA:441,82,0,0
BRDA:441,82,1,30
BRDA:450,83,0,0
BRDA:450,83,1,1440
BRDA:454,84,0,0
BRDA:454,84,1,30
BRDA:454,85,0,30
BRDA:454,85,1,30
BRDA:465,86,0,30
BRDA:465,86,1,0
BRDA:465,87,0,0
BRDA:465,87,1,30
BRDA:465,88,0,30
BRDA:465,88,1,30
BRDA:506,89,0,0
BRDA:506,89,1,81
BRDA:506,90,0,81
BRDA:506,90,1,81
BRDA:519,91,0,81
BRDA:519,91,1,0
BRDA:541,92,0,40
BRDA:541,92,1,79
BRDA:544,93,0,0
BRDA:544,93,1,119
BRDA:556,94,0,119
BRDA:556,94,1,79
BRDA:559,95,0,3
BRDA:559,95,1,116
BRDA:559,96,0,119
BRDA:559,96,1,6
BRDA:563,97,0,116
BRDA:563,97,1,0
BRDA:567,98,0,0
BRDA:567,98,1,116
BRDA:567,99,0,116
BRDA:567,99,1,0
BRDA:573,100,0,0
BRDA:573,100,1,116
BRDA:573,101,0,116
BRDA:573,101,1,0
BRDA:573,101,2,0
BRDA:573,101,3,0
BRDA:573,101,4,0
BRDA:592,102,0,118
BRDA:592,102,1,0
BRDA:610,103,0,0
BRDA:610,103,1,0
BRDA:733,104,0,0
BRDA:733,104,1,0
BRDA:735,105,0,0
BRDA:735,105,1,0
BRDA:760,106,0,0
BRDA:760,106,1,0
BRDA:811,107,0,0
BRDA:811,107,1,344
BRDA:816,108,0,0
BRDA:816,108,1,344
BRDA:816,109,0,344
BRDA:816,109,1,117
BRDA:821,110,0,0
BRDA:821,110,1,344
BRDA:825,111,0,0
BRDA:825,111,1,0
BRDA:831,112,0,344
BRDA:831,112,1,117
BRDA:833,113,0,117
BRDA:833,113,1,227
BRDA:833,114,0,344
BRDA:833,114,1,117
BRDA:834,115,0,117
BRDA:834,115,1,40
BRDA:836,116,0,113
BRDA:836,116,1,4
BRDA:842,117,0,0
BRDA:842,117,1,344
BRDA:848,118,0,1
BRDA:848,118,1,343
BRDA:855,119,0,2
BRDA:855,119,1,342
BRDA:859,120,0,342
BRDA:859,120,1,342
BRDA:865,121,0,116
BRDA:865,121,1,228
BRDA:879,122,0,2
BRDA:879,122,1,342
BRDA:881,123,0,239
BRDA:881,123,1,103
BRDA:968,124,0,339
BRDA:968,124,1,974
BRDA:969,125,0,2
BRDA:969,125,1,337
BRDA:970,126,0,144
BRDA:970,126,1,193
BRDA:970,127,0,337
BRDA:970,127,1,235
BRDA:984,128,0,1167
BRDA:984,128,1,451
BRDA:987,129,0,466
BRDA:987,129,1,701
BRDA:992,130,0,451
BRDA:992,130,1,165
BRDA:1037,131,0,66
BRDA:1037,131,1,43
BRDA:1050,132,0,23
BRDA:1050,132,1,118
BRDA:1050,133,0,141
BRDA:1050,133,1,30
BRDA:1050,133,2,23
BRDA:1050,133,3,23
BRDA:1053,134,0,0
BRDA:1053,134,1,23
BRDA:1056,135,0,1
BRDA:1056,135,1,117
BRDA:1058,136,0,117
BRDA:1058,136,1,0
BRDA:1059,137,0,111
BRDA:1059,137,1,6
BRDA:1107,138,0,2
BRDA:1107,138,1,770
BRDA:1107,139,0,772
BRDA:1107,139,1,585
BRDA:1112,140,0,772
BRDA:1112,140,1,2
BRDA:1113,141,0,772
BRDA:1113,141,1,583
BRDA:1117,142,0,0
BRDA:1117,142,1,772
BRDA:1117,143,0,772
BRDA:1117,143,1,2
BRDA:1121,144,0,0
BRDA:1121,144,1,772
BRDA:1122,145,0,0
BRDA:1122,145,1,0
BRDA:1126,146,0,281
BRDA:1126,146,1,491
BRDA:1129,147,0,0
BRDA:1129,147,1,281
BRDA:1129,148,0,281
BRDA:1129,148,1,281
BRDA:1135,149,0,24
BRDA:1135,149,1,257
BRDA:1139,150,0,4
BRDA:1139,150,1,277
BRDA:1150,151,0,13
BRDA:1150,151,1,409
BRDA:1150,152,0,422
BRDA:1150,152,1,422
BRDA:1150,152,2,18
BRDA:1150,152,3,18
BRDA:1150,152,4,18
BRDA:1150,152,5,17
BRDA:1150,152,6,14
BRDA:1156,153,0,14
BRDA:1156,153,1,1
BRDA:1161,154,0,391
BRDA:1161,154,1,18
BRDA:1162,155,0,383
BRDA:1162,155,1,8
BRDA:1162,156,0,391
BRDA:1162,156,1,13
BRDA:1165,157,0,1
BRDA:1165,157,1,7
BRDA:1169,158,0,18
BRDA:1169,158,1,0
BRDA:1182,159,0,11
BRDA:1182,159,1,480
BRDA:1182,160,0,491
BRDA:1182,160,1,11
BRDA:1182,160,2,11
BRDA:1182,160,3,11
BRDA:1182,160,4,11
BRDA:1184,161,0,10
BRDA:1184,161,1,1
BRDA:1193,162,0,13
BRDA:1193,162,1,467
BRDA:1193,163,0,480
BRDA:1193,163,1,18
BRDA:1201,164,0,3
BRDA:1201,164,1,31
BRDA:1208,165,0,10
BRDA:1208,165,1,3
BRDA:1209,166,0,9
BRDA:1209,166,1,1
BRDA:1215,167,0,7
BRDA:1215,167,1,460
BRDA:1228,168,0,422
BRDA:1228,168,1,41
BRDA:1233,169,0,16
BRDA:1233,169,1,60
BRDA:1233,170,0,76
BRDA:1233,170,1,69
BRDA:1241,171,0,25
BRDA:1241,171,1,16
BRDA:1245,172,0,332
BRDA:1245,172,1,131
BRDA:1249,173,0,5
BRDA:1249,173,1,458
BRDA:1249,174,0,463
BRDA:1249,174,1,458
BRDA:1259,175,0,457
BRDA:1259,175,1,1
BRDA:1277,176,0,381
BRDA:1277,176,1,81
BRDA:1279,177,0,0
BRDA:1279,177,1,81
BRDA:1279,178,0,81
BRDA:1279,178,1,0
BRDA:1285,179,0,0
BRDA:1285,179,1,81
BRDA:1285,180,0,81
BRDA:1285,180,1,0
BRDA:1290,181,0,44
BRDA:1290,181,1,37
BRDA:1290,182,0,81
BRDA:1290,182,1,19
BRDA:1328,183,0,425
BRDA:1328,183,1,37
BRDA:1340,184,0,462
BRDA:1340,184,1,52
BRDA:1346,185,0,40
BRDA:1346,185,1,12
BRDA:1346,186,0,52
BRDA:1346,186,1,41
BRDA:1349,187,0,0
BRDA:1349,187,1,12
BRDA:1349,188,0,12
BRDA:1349,188,1,1
BRDA:1352,189,0,1
BRDA:1352,189,1,11
BRDA:1352,190,0,12
BRDA:1352,190,1,1
BRDA:1401,191,0,0
BRDA:1401,191,1,1579
BRDA:1402,192,0,0
BRDA:1402,192,1,0
BRDA:1406,193,0,1579
BRDA:1406,193,1,106
BRDA:1411,194,0,12
BRDA:1411,194,1,1771
BRDA:1411,195,0,1783
BRDA:1411,195,1,1781
BRDA:1416,196,0,1524
BRDA:1416,196,1,55
BRDA:1435,197,0,2133
BRDA:1435,197,1,0
BRDA:1437,198,0,0
BRDA:1437,198,1,2133
BRDA:1518,199,0,52
BRDA:1518,199,1,2
BRDA:1567,200,0,68
BRDA:1567,200,1,78
BRDA:1569,201,0,6
BRDA:1569,201,1,62
BRDA:1578,202,0,2
BRDA:1578,202,1,60
BRDA:1578,203,0,62
BRDA:1578,203,1,40
BRDA:1585,204,0,0
BRDA:1585,204,1,60
BRDA:1590,205,0,8
BRDA:1590,205,1,52
BRDA:1599,206,0,3
BRDA:1599,206,1,86
BRDA:1601,207,0,2
BRDA:1601,207,1,84
BRDA:1605,208,0,6
BRDA:1605,208,1,78
BRDA:1638,209,0,1
BRDA:1638,209,1,2
BRDA:1638,210,0,3
BRDA:1638,210,1,1
BRDA:1646,211,0,6
BRDA:1646,211,1,216
BRDA:1658,212,0,0
BRDA:1658,212,1,484
BRDA:1665,213,0,5
BRDA:1665,213,1,479
BRDA:1665,214,0,5
BRDA:1665,214,1,5
BRDA:1669,215,0,21
BRDA:1669,215,1,458
BRDA:1677,216,0,479
BRDA:1677,216,1,211
BRDA:1685,217,0,222
BRDA:1685,217,1,222
BRDA:1718,218,0,14
BRDA:1718,218,1,9
BRDA:1722,219,0,2
BRDA:1722,219,1,21
BRDA:1722,220,0,23
BRDA:1722,220,1,23
BRDA:1726,221,0,0
BRDA:1726,221,1,23
BRDA:1748,222,0,292
BRDA:1748,222,1,288
BRDA:1748,222,2,46
BRDA:1754,223,0,13
BRDA:1754,223,1,115
BRDA:1792,224,0,19
BRDA:1792,224,1,31
BRDA:1792,225,0,31
BRDA:1792,225,1,0
BRDA:1826,226,0,119
BRDA:1826,226,1,1696
BRDA:1826,227,0,1815
BRDA:1826,227,1,625
BRDA:1826,227,2,607
BRDA:1826,227,3,488
BRDA:1855,228,0,1815
BRDA:1855,228,1,1713
BRDA:1856,229,0,102
BRDA:1856,229,1,1713
BRDA:1858,230,0,119
BRDA:1858,230,1,1696
BRDA:1863,231,0,0
BRDA:1863,231,1,120
BRDA:1866,232,0,27
BRDA:1866,232,1,93
BRDA:1870,233,0,21
BRDA:1870,233,1,6
BRDA:1898,234,0,1
BRDA:1898,234,1,5
BRDA:1899,235,0,6
BRDA:1899,235,1,1
BRDA:1907,236,0,1201
BRDA:1907,236,1,1081
BRDA:1908,237,0,58
BRDA:1908,237,1,49
BRDA:1937,238,0,97
BRDA:1937,238,1,0
BRDA:1938,239,0,97
BRDA:1938,239,1,1
BRDA:1942,240,0,0
BRDA:1942,240,1,286
BRDA:1943,241,0,0
BRDA:1943,241,1,286
BRDA:1945,242,0,0
BRDA:1945,242,1,0
BRDA:1945,243,0,0
BRDA:1945,243,1,0
BRDA:1946,244,0,0
BRDA:1946,244,1,0
BRDA:1986,245,0,98
BRDA:1986,245,1,1
BRDA:1994,246,0,216
BRDA:1994,246,1,213
BRDA:1994,246,2,0
BRDA:2042,247,0,90
BRDA:2042,247,1,0
BRDA:2048,248,0,47
BRDA:2048,248,1,43
BRDA:2052,249,0,0
BRDA:2052,249,1,47
BRDA:2052,250,0,47
BRDA:2052,250,1,0
BRDA:2064,251,0,47
BRDA:2064,251,1,0
BRDA:2083,252,0,42
BRDA:2083,252,1,1
BRDA:2087,253,0,42
BRDA:2087,253,1,0
BRDA:2145,254,0,0
BRDA:2145,254,1,98
BRDA:2153,255,0,1
BRDA:2153,255,1,97
BRDA:2161,256,0,7
BRDA:2161,256,1,90
BRDA:2186,257,0,0
BRDA:2186,257,1,7
BRDA:2313,258,0,2
BRDA:2313,258,1,339
BRDA:2313,259,0,341
BRDA:2313,259,1,245
BRDA:2313,259,2,182
BRDA:2321,260,0,116
BRDA:2321,260,1,223
BRDA:2321,261,0,339
BRDA:2321,261,1,242
BRDA:2321,261,2,242
BRDA:2321,262,0,339
BRDA:2321,262,1,243
BRDA:2323,263,0,7
BRDA:2323,263,1,109
BRDA:2328,264,0,212
BRDA:2328,264,1,127
BRDA:2332,265,0,96
BRDA:2332,265,1,243
BRDA:2338,266,0,12
BRDA:2338,266,1,327
BRDA:2338,267,0,339
BRDA:2338,267,1,335
BRDA:2338,267,2,11
BRDA:2342,268,0,11
BRDA:2342,268,1,328
BRDA:2346,269,0,11
BRDA:2346,269,1,0
BRDA:2347,270,0,11
BRDA:2347,270,1,0
BRDA:2356,271,0,10
BRDA:2356,271,1,329
BRDA:2356,272,0,339
BRDA:2356,272,1,335
BRDA:2356,272,2,9
BRDA:2358,273,0,2
BRDA:2358,273,1,8
BRDA:2361,274,0,8
BRDA:2361,274,1,2
BRDA:2366,275,0,15
BRDA:2366,275,1,324
BRDA:2368,276,0,8
BRDA:2368,276,1,7
BRDA:2392,277,0,12
BRDA:2392,277,1,85
BRDA:2396,278,0,35
BRDA:2396,278,1,62
BRDA:2404,279,0,14
BRDA:2404,279,1,9
BRDA:2435,280,0,96
BRDA:2435,280,1,49
BRDA:2438,281,0,49
BRDA:2438,281,1,9
BRDA:2468,282,0,10
BRDA:2468,282,1,11
BRDA:2468,283,0,21
BRDA:2468,283,1,13
BRDA:2468,283,2,13
BRDA:2468,283,3,10
BRDA:2468,284,0,21
BRDA:2468,284,1,15
BRDA:2471,285,0,8
BRDA:2471,285,1,2
BRDA:2495,286,0,1
BRDA:2495,286,1,54
BRDA:2495,287,0,55
BRDA:2495,287,1,1
BRDA:2498,288,0,42
BRDA:2498,288,1,12
BRDA:2498,289,0,54
BRDA:2498,289,1,54
BRDA:2524,290,0,0
BRDA:2524,290,1,86
BRDA:2525,291,0,0
BRDA:2525,291,1,0
BRDA:2527,292,0,0
BRDA:2527,292,1,0
BRDA:2533,293,0,86
BRDA:2533,293,1,0
BRDA:2534,294,0,86
BRDA:2534,294,1,0
BRDA:2538,295,0,0
BRDA:2538,295,1,0
BRDA:2554,296,0,0
BRDA:2554,296,1,0
BRDA:2567,297,0,0
BRDA:2567,297,1,0
BRDA:2588,298,0,0
BRDA:2588,298,1,0
BRDA:2601,299,0,0
BRDA:2601,299,1,0
BRDA:2604,300,0,0
BRDA:2604,300,1,0
BRDA:2607,301,0,0
BRDA:2607,301,1,0
BRDA:2640,302,0,0
BRDA:2640,302,1,47
BRDA:2643,303,0,47
BRDA:2643,303,1,21
BRDA:2644,304,0,47
BRDA:2644,304,1,0
BRDA:2837,305,0,0
BRDA:2837,305,1,47
BRDA:2893,306,0,0
BRDA:2893,306,1,519
BRDA:2893,307,0,519
BRDA:2893,307,1,519
BRDA:2894,308,0,519
BRDA:2894,308,1,273
BRDA:2895,309,0,519
BRDA:2895,309,1,374
BRDA:2896,310,0,519
BRDA:2896,310,1,519
BRDA:2910,311,0,0
BRDA:2910,311,1,0
BRDA:2910,312,0,0
BRDA:2910,312,1,0
BRDA:2933,313,0,0
BRDA:2933,313,1,14
BRDA:2933,314,0,14
BRDA:2933,314,1,14
BRDA:2934,315,0,0
BRDA:2934,315,1,14
BRDA:2934,316,0,14
BRDA:2934,316,1,0
BRDA:2934,316,2,0
BRDA:2938,317,0,14
BRDA:2938,317,1,0
BRDA:2941,318,0,14
BRDA:2941,318,1,0
BRDA:2943,319,0,14
BRDA:2943,319,1,0
BRDA:2943,320,0,14
BRDA:2943,320,1,0
BRDA:2946,321,0,36
BRDA:2946,321,1,14
BRDA:2946,322,0,50
BRDA:2946,322,1,50
BRDA:2946,322,2,36
BRDA:2946,322,3,14
BRDA:2946,322,4,0
BRDA:2952,323,0,0
BRDA:2952,323,1,14
BRDA:2969,324,0,35
BRDA:2969,324,1,174
BRDA:2971,325,0,0
BRDA:2971,325,1,174
BRDA:2974,326,0,174
BRDA:2974,326,1,0
BRDA:2975,327,0,0
BRDA:2975,327,1,174
BRDA:2990,328,0,0
BRDA:2990,328,1,0
BRDA:2991,329,0,0
BRDA:2991,329,1,0
BRDA:2992,330,0,0
BRDA:2992,330,1,0
BRDA:2992,331,0,0
BRDA:2992,331,1,0
BRDA:2993,332,0,0
BRDA:2993,332,1,0
BRDA:2997,333,0,0
BRDA:2997,333,1,0
BRDA:2997,334,0,0
BRDA:2997,334,1,0
BRDA:3018,335,0,0
BRDA:3018,335,1,707
BRDA:3021,336,0,0
BRDA:3021,336,1,707
BRDA:3029,337,0,0
BRDA:3029,337,1,707
BRDA:3050,338,0,0
BRDA:3050,338,1,174
BRDA:3050,338,2,0
BRDA:3050,338,3,0
BRDA:3050,338,4,0
BRDA:3066,339,0,0
BRDA:3066,339,1,0
BRDA:3067,340,0,0
BRDA:3067,340,1,0
BRDA:3069,341,0,0
BRDA:3069,341,1,0
BRDA:3069,342,0,0
BRDA:3069,342,1,0
BRDA:3130,343,0,14
BRDA:3130,343,1,81
BRDA:3135,344,0,0
BRDA:3135,344,1,81
BRDA:3343,345,0,0
BRDA:3343,345,1,1196
BRDA:3344,346,0,0
BRDA:3344,346,1,0
BRDA:3353,347,0,1196
BRDA:3353,347,1,1196
BRDA:3355,348,0,1196
BRDA:3355,348,1,0
BRDA:3359,349,0,0
BRDA:3359,349,1,1196
BRDA:3369,350,0,0
BRDA:3369,350,1,1443
BRDA:3369,351,0,1443
BRDA:3369,351,1,115
BRDA:3374,352,0,0
BRDA:3374,352,1,0
BRDA:3375,353,0,0
BRDA:3375,353,1,0
BRDA:3380,354,0,0
BRDA:3380,354,1,1443
BRDA:3383,355,0,50
BRDA:3383,355,1,1393
BRDA:3383,356,0,1443
BRDA:3383,356,1,1443
BRDA:3388,357,0,69
BRDA:3388,357,1,1374
BRDA:3407,358,0,0
BRDA:3407,358,1,11
BRDA:3408,359,0,0
BRDA:3408,359,1,0
BRDA:3417,360,0,11
BRDA:3417,360,1,11
BRDA:3419,361,0,11
BRDA:3419,361,1,0
BRDA:3423,362,0,0
BRDA:3423,362,1,11
BRDA:3427,363,0,0
BRDA:3427,363,1,11
BRDA:3433,364,0,11
BRDA:3433,364,1,11
BRDA:3440,365,0,0
BRDA:3440,365,1,4
BRDA:3441,366,0,0
BRDA:3441,366,1,0
BRDA:3448,367,0,0
BRDA:3448,367,1,4
BRDA:3448,368,0,4
BRDA:3448,368,1,0
BRDA:3450,369,0,0
BRDA:3450,369,1,0
BRDA:3450,370,0,0
BRDA:3450,370,1,0
BRDA:3451,371,0,0
BRDA:3451,371,1,0
BRDA:3453,372,0,0
BRDA:3453,372,1,0
BRDA:3458,373,0,0
BRDA:3458,373,1,0
BRDA:3464,374,0,0
BRDA:3464,374,1,4
BRDA:3467,375,0,0
BRDA:3467,375,1,4
BRDA:3467,376,0,4
BRDA:3467,376,1,4
BRDA:3472,377,0,0
BRDA:3472,377,1,4
BRDA:3480,378,0,1
BRDA:3480,378,1,10
BRDA:3480,379,0,11
BRDA:3480,379,1,11
BRDA:3485,380,0,0
BRDA:3485,380,1,11
BRDA:3485,381,0,11
BRDA:3485,381,1,0
BRDA:3486,382,0,0
BRDA:3486,382,1,0
BRDA:3486,383,0,0
BRDA:3486,383,1,0
BRDA:3487,384,0,0
BRDA:3487,384,1,0
BRDA:3489,385,0,0
BRDA:3489,385,1,0
BRDA:3490,386,0,0
BRDA:3490,386,1,0
BRDA:3493,387,0,0
BRDA:3493,387,1,0
BRDA:3501,388,0,0
BRDA:3501,388,1,0
BRDA:3502,389,0,0
BRDA:3502,389,1,0
BRDA:3505,390,0,0
BRDA:3505,390,1,0
BRDA:3512,391,0,0
BRDA:3512,391,1,11
BRDA:3571,392,0,22
BRDA:3571,392,1,243
BRDA:3575,393,0,1
BRDA:3575,393,1,242
BRDA:3585,394,0,243
BRDA:3585,394,1,0
BRDA:3608,395,0,0
BRDA:3608,395,1,243
BRDA:3613,396,0,233
BRDA:3613,396,1,10
BRDA:3618,397,0,227
BRDA:3618,397,1,221
BRDA:3618,397,2,219
BRDA:3619,398,0,215
BRDA:3619,398,1,12
BRDA:3624,399,0,227
BRDA:3624,399,1,225
BRDA:3625,400,0,222
BRDA:3625,400,1,5
BRDA:3634,401,0,13
BRDA:3634,401,1,19
BRDA:3638,402,0,0
BRDA:3638,402,1,19
BRDA:3713,403,0,485
BRDA:3713,403,1,451
BRDA:3719,404,0,2
BRDA:3719,404,1,643
BRDA:3723,405,0,37
BRDA:3723,405,1,606
BRDA:3723,406,0,643
BRDA:3723,406,1,353
BRDA:3723,406,2,353
BRDA:3723,406,3,353
BRDA:3723,406,4,316
BRDA:3727,407,0,30
BRDA:3727,407,1,7
BRDA:3789,408,0,3536
BRDA:3789,408,1,613
BRDA:3790,409,0,3275
BRDA:3790,409,1,261
BRDA:3791,410,0,41
BRDA:3791,410,1,220
BRDA:3794,411,0,44
BRDA:3794,411,1,176
BRDA:3800,412,0,9
BRDA:3800,412,1,604
BRDA:3810,413,0,26
BRDA:3810,413,1,30
BRDA:3811,414,0,4
BRDA:3811,414,1,52
BRDA:3837,415,0,277
BRDA:3837,415,1,323
BRDA:3844,416,0,593
BRDA:3844,416,1,7
BRDA:3844,417,0,600
BRDA:3844,417,1,593
BRDA:3848,418,0,8
BRDA:3848,418,1,592
BRDA:3848,419,0,600
BRDA:3848,419,1,593
BRDA:3852,420,0,125
BRDA:3852,420,1,467
BRDA:3852,421,0,592
BRDA:3852,421,1,477
BRDA:3852,421,2,468
BRDA:3854,422,0,10
BRDA:3854,422,1,115
BRDA:3854,423,0,125
BRDA:3854,423,1,116
BRDA:3858,424,0,46
BRDA:3858,424,1,79
BRDA:3862,425,0,1
BRDA:3862,425,1,78
BRDA:3864,426,0,17
BRDA:3864,426,1,61
BRDA:3864,427,0,78
BRDA:3864,427,1,54
BRDA:3864,427,2,6
BRDA:3864,427,3,50
BRDA:3864,427,4,17
BRDA:3870,428,0,62
BRDA:3870,428,1,24
BRDA:3873,429,0,22
BRDA:3873,429,1,445
BRDA:3879,430,0,466
BRDA:3879,430,1,1
BRDA:3883,431,0,1
BRDA:3883,431,1,466
BRDA:3919,432,0,403
BRDA:3919,432,1,146
BRDA:3927,433,0,10
BRDA:3927,433,1,370
BRDA:3943,434,0,849
BRDA:3943,434,1,88
BRDA:3944,435,0,13
BRDA:3944,435,1,75
BRDA:3945,436,0,26
BRDA:3945,436,1,49
BRDA:3946,437,0,0
BRDA:3946,437,1,49
BRDA:3948,438,0,3
BRDA:3948,438,1,46
BRDA:3948,439,0,49
BRDA:3948,439,1,16
BRDA:3960,440,0,10
BRDA:3960,440,1,50
BRDA:3965,441,0,0
BRDA:3965,441,1,50
BRDA:3974,442,0,16
BRDA:3974,442,1,77
BRDA:3974,443,0,93
BRDA:3974,443,1,50
BRDA:3974,443,2,50
BRDA:3974,443,3,20
BRDA:3975,444,0,10
BRDA:3975,444,1,6
BRDA:3985,445,0,42
BRDA:3985,445,1,35
BRDA:3987,446,0,4
BRDA:3987,446,1,31
BRDA:3987,447,0,35
BRDA:3987,447,1,35
BRDA:4107,448,0,1
BRDA:4107,448,1,2
BRDA:4137,449,0,1
BRDA:4137,449,1,2
BRDA:4153,450,0,0
BRDA:4153,450,1,5
BRDA:4185,451,0,239
BRDA:4185,451,1,235
BRDA:4185,452,0,235
BRDA:4185,452,1,0
BRDA:4228,453,0,0
BRDA:4228,453,1,0
BRDA:4232,454,0,0
BRDA:4232,454,1,0
BRDA:4232,455,0,0
BRDA:4232,455,1,0
BRDA:4237,456,0,0
BRDA:4237,456,1,0
BRDA:4250,457,0,0
BRDA:4250,457,1,0
BRDA:4263,458,0,0
BRDA:4263,458,1,0
BRDA:4272,459,0,0
BRDA:4272,459,1,0
BRDA:4273,460,0,0
BRDA:4273,460,1,0
BRDA:4279,461,0,0
BRDA:4279,461,1,0
BRDA:4283,462,0,0
BRDA:4283,462,1,0
BRDA:4287,463,0,0
BRDA:4287,463,1,0
BRDA:4371,464,0,125
BRDA:4371,464,1,0
BRDA:4374,465,0,4
BRDA:4374,465,1,121
BRDA:4375,466,0,4
BRDA:4375,466,1,0
BRDA:4386,467,0,0
BRDA:4386,467,1,125
BRDA:4390,468,0,36
BRDA:4390,468,1,89
BRDA:4398,469,0,125
BRDA:4398,469,1,1
BRDA:4400,470,0,62
BRDA:4400,470,1,63
BRDA:4411,471,0,6
BRDA:4411,471,1,119
BRDA:4417,472,0,2
BRDA:4417,472,1,261
BRDA:4417,473,0,261
BRDA:4417,473,1,257
BRDA:4436,474,0,9
BRDA:4436,474,1,7
BRDA:4447,475,0,5
BRDA:4447,475,1,696
BRDA:4447,476,0,701
BRDA:4447,476,1,393
BRDA:4464,477,0,198
BRDA:4464,477,1,1
BRDA:4465,478,0,56
BRDA:4465,478,1,142
BRDA:4469,479,0,198
BRDA:4469,479,1,0
BRDA:4523,480,0,4
BRDA:4523,480,1,3
BRDA:4533,481,0,2
BRDA:4533,481,1,17
BRDA:4534,482,0,1
BRDA:4534,482,1,16
BRDA:4535,483,0,1
BRDA:4535,483,1,15
BRDA:4536,484,0,1
BRDA:4536,484,1,14
BRDA:4585,485,0,0
BRDA:4585,485,1,0
BRDA:4588,486,0,0
BRDA:4588,486,1,0
BRDA:4602,487,0,0
BRDA:4602,487,1,2
BRDA:4605,488,0,0
BRDA:4605,488,1,0
BRDA:4610,489,0,0
BRDA:4610,489,1,0
BRDA:4612,490,0,0
BRDA:4612,490,1,0
BRDA:4618,491,0,0
BRDA:4618,491,1,0
BRDA:4620,492,0,0
BRDA:4620,492,1,0
BRDA:4628,493,0,0
BRDA:4628,493,1,0
BRDA:4636,494,0,0
BRDA:4636,494,1,2
BRDA:4636,495,0,2
BRDA:4636,495,1,2
BRDA:4640,496,0,1
BRDA:4640,496,1,1
BRDA:4641,497,0,1
BRDA:4641,497,1,0
BRDA:4641,498,0,1
BRDA:4641,498,1,1
BRDA:4646,499,0,0
BRDA:4646,499,1,1
BRDA:4654,500,0,0
BRDA:4654,500,1,1
BRDA:4657,501,0,1
BRDA:4657,501,1,0
BRDA:4657,502,0,1
BRDA:4657,502,1,0
BRDA:4657,502,2,0
BRDA:4715,503,0,0
BRDA:4715,503,1,41
BRDA:4715,504,0,41
BRDA:4715,504,1,41
BRDA:4718,505,0,26
BRDA:4718,505,1,15
BRDA:4724,506,0,12
BRDA:4724,506,1,3
BRDA:4724,507,0,15
BRDA:4724,507,1,15
BRDA:4724,507,2,3
BRDA:4729,508,0,3
BRDA:4729,508,1,0
BRDA:4732,509,0,15
BRDA:4732,509,1,0
BRDA:4799,510,0,0
BRDA:4799,510,1,121
BRDA:4819,511,0,0
BRDA:4819,511,1,79
BRDA:4821,512,0,79
BRDA:4821,512,1,79
BRDA:4824,513,0,32
BRDA:4824,513,1,47
BRDA:4833,514,0,13
BRDA:4833,514,1,117
BRDA:4834,515,0,13
BRDA:4834,515,1,0
BRDA:4840,516,0,0
BRDA:4840,516,1,117
BRDA:4840,517,0,117
BRDA:4840,517,1,0
BRDA:4845,518,0,117
BRDA:4845,518,1,47
BRDA:4866,519,0,2
BRDA:4866,519,1,172
BRDA:4871,520,0,2
BRDA:4871,520,1,170
BRDA:4871,521,0,172
BRDA:4871,521,1,10
BRDA:4875,522,0,45
BRDA:4875,522,1,125
BRDA:4877,523,0,7
BRDA:4877,523,1,38
BRDA:4877,524,0,45
BRDA:4877,524,1,7
BRDA:4887,525,0,78
BRDA:4887,525,1,9
BRDA:4887,526,0,87
BRDA:4887,526,1,78
BRDA:4888,527,0,12
BRDA:4888,527,1,66
BRDA:4889,528,0,12
BRDA:4889,528,1,12
BRDA:4897,529,0,6
BRDA:4897,529,1,60
BRDA:4897,530,0,66
BRDA:4897,530,1,8
BRDA:4933,531,0,7
BRDA:4933,531,1,3
BRDA:4935,532,0,2
BRDA:4935,532,1,6
BRDA:4957,533,0,0
BRDA:4957,533,1,192
BRDA:4961,534,0,0
BRDA:4961,534,1,0
BRDA:4961,535,0,0
BRDA:4961,535,1,0
BRDA:4966,536,0,0
BRDA:4966,536,1,0
BRDA:4967,537,0,0
BRDA:4967,537,1,0
BRDA:4986,538,0,11
BRDA:4986,538,1,1
BRDA:4986,539,0,12
BRDA:4986,539,1,12
BRDA:4997,540,0,1
BRDA:4997,540,1,0
BRDA:4998,541,0,1
BRDA:4998,541,1,1
BRDA:5003,542,0,1
BRDA:5003,542,1,1
BRDA:5003,542,2,0
BRDA:5058,543,0,4
BRDA:5058,543,1,36
BRDA:5058,544,0,40
BRDA:5058,544,1,40
BRDA:5060,545,0,1
BRDA:5060,545,1,3
BRDA:5060,546,0,4
BRDA:5060,546,1,1
BRDA:5063,547,0,1
BRDA:5063,547,1,2
BRDA:5063,548,0,3
BRDA:5063,548,1,2
BRDA:5063,548,2,1
BRDA:5088,549,0,4
BRDA:5088,549,1,3
BRDA:5142,550,0,0
BRDA:5142,550,1,3
BRDA:5145,551,0,3
BRDA:5145,551,1,2
BRDA:5180,552,0,1
BRDA:5180,552,1,3
BRDA:5186,553,0,3
BRDA:5186,553,1,1
BRDA:5187,554,0,3
BRDA:5187,554,1,2
BRDA:5190,555,0,8
BRDA:5190,555,1,7
BRDA:5228,556,0,1
BRDA:5228,556,1,4
BRDA:5234,557,0,4
BRDA:5234,557,1,1
BRDA:5235,558,0,4
BRDA:5235,558,1,3
BRDA:5238,559,0,9
BRDA:5238,559,1,8
BRDA:5252,560,0,0
BRDA:5252,560,1,189
BRDA:5252,561,0,189
BRDA:5252,561,1,179
BRDA:5256,562,0,185
BRDA:5256,562,1,4
BRDA:5257,563,0,2
BRDA:5257,563,1,183
BRDA:5258,564,0,2
BRDA:5258,564,1,181
BRDA:5259,565,0,11
BRDA:5259,565,1,170
BRDA:5260,566,0,1
BRDA:5260,566,1,180
BRDA:5261,567,0,178
BRDA:5261,567,1,2
BRDA:5262,568,0,1
BRDA:5262,568,1,1
BRDA:5262,569,0,2
BRDA:5262,569,1,2
BRDA:5262,569,2,1
BRDA:5314,570,0,215
BRDA:5314,570,1,0
BRDA:5328,571,0,0
BRDA:5328,571,1,3
BRDA:5346,572,0,426
BRDA:5346,572,1,1
BRDA:5348,573,0,7
BRDA:5348,573,1,419
BRDA:5351,574,0,0
BRDA:5351,574,1,7
BRDA:5355,575,0,4
BRDA:5355,575,1,3
BRDA:5361,576,0,2
BRDA:5361,576,1,1
BRDA:5363,577,0,0
BRDA:5363,577,1,1
BRDA:5369,578,0,0
BRDA:5369,578,1,1
BRDA:5374,579,0,0
BRDA:5374,579,1,1
BRDA:5386,580,0,0
BRDA:5386,580,1,419
BRDA:5389,581,0,0
BRDA:5389,581,1,419
BRDA:5390,582,0,0
BRDA:5390,582,1,0
BRDA:5390,583,0,0
BRDA:5390,583,1,0
BRDA:5395,584,0,374
BRDA:5395,584,1,45
BRDA:5398,585,0,5
BRDA:5398,585,1,38
BRDA:5398,586,0,45
BRDA:5398,586,1,5
BRDA:5401,587,0,38
BRDA:5401,587,1,0
BRDA:5495,588,0,1
BRDA:5495,588,1,5
BRDA:5502,589,0,0
BRDA:5502,589,1,6
BRDA:5502,590,0,6
BRDA:5502,590,1,6
BRDA:5509,591,0,2
BRDA:5509,591,1,4
BRDA:5518,592,0,15
BRDA:5518,592,1,1
BRDA:5525,593,0,11
BRDA:5525,593,1,10
BRDA:5547,594,0,1
BRDA:5547,594,1,9
BRDA:5548,595,0,10
BRDA:5548,595,1,0
BRDA:5568,596,0,1
BRDA:5568,596,1,3
BRDA:5569,597,0,4
BRDA:5569,597,1,0
BRDA:5593,598,0,1
BRDA:5593,598,1,9
BRDA:5594,599,0,10
BRDA:5594,599,1,0
BRDA:5639,600,0,5
BRDA:5639,600,1,4
BRDA:5642,601,0,10
BRDA:5642,601,1,6
BRDA:5642,602,0,16
BRDA:5642,602,1,12
BRDA:5658,603,0,0
BRDA:5658,603,1,18
BRDA:5661,604,0,18
BRDA:5661,604,1,18
BRDA:5661,604,2,14
BRDA:5671,605,0,1
BRDA:5671,605,1,334
BRDA:5675,606,0,334
BRDA:5675,606,1,0
BRDA:5677,607,0,0
BRDA:5677,607,1,334
BRDA:5677,608,0,334
BRDA:5677,608,1,0
BRDA:5680,609,0,334
BRDA:5680,609,1,0
BRDA:5723,610,0,296
BRDA:5723,610,1,597
BRDA:5723,611,0,893
BRDA:5723,611,1,296
BRDA:5724,612,0,17
BRDA:5724,612,1,279
BRDA:5775,613,0,421
BRDA:5775,613,1,1
BRDA:5776,614,0,413
BRDA:5776,614,1,8
BRDA:5782,615,0,1
BRDA:5782,615,1,0
BRDA:5861,616,0,1
BRDA:5861,616,1,231
BRDA:5929,617,0,1
BRDA:5929,617,1,8
BRDA:6007,618,0,14
BRDA:6007,618,1,7
BRDA:6007,619,0,21
BRDA:6007,619,1,8
BRDA:6007,619,2,7
BRDA:6008,620,0,6
BRDA:6008,620,1,8
BRDA:6009,621,0,12
BRDA:6009,621,1,2
BRDA:6019,622,0,4
BRDA:6019,622,1,4
BRDA:6019,623,0,8
BRDA:6019,623,1,7
BRDA:6059,624,0,0
BRDA:6059,624,1,18
BRDA:6074,625,0,0
BRDA:6074,625,1,44
BRDA:6074,626,0,44
BRDA:6074,626,1,44
BRDA:6074,626,2,20
BRDA:6074,626,3,0
BRDA:6082,627,0,1
BRDA:6082,627,1,17
BRDA:6087,628,0,18
BRDA:6087,628,1,17
BRDA:6102,629,0,469
BRDA:6102,629,1,707
BRDA:6106,630,0,474
BRDA:6106,630,1,702
BRDA:6106,631,0,1176
BRDA:6106,631,1,1175
BRDA:6124,632,0,4
BRDA:6124,632,1,555
BRDA:6125,633,0,0
BRDA:6125,633,1,4
BRDA:6135,634,0,37
BRDA:6135,634,1,518
BRDA:6135,635,0,555
BRDA:6135,635,1,78
BRDA:6135,635,2,77
BRDA:6141,636,0,392
BRDA:6141,636,1,163
BRDA:6142,637,0,2
BRDA:6142,637,1,390
BRDA:6142,638,0,392
BRDA:6142,638,1,391
BRDA:6150,639,0,0
BRDA:6150,639,1,163
BRDA:6150,640,0,163
BRDA:6150,640,1,163
BRDA:6166,641,0,1
BRDA:6166,641,1,1472
BRDA:6172,642,0,1451
BRDA:6172,642,1,21
BRDA:6196,643,0,433
BRDA:6196,643,1,92
BRDA:6199,644,0,3
BRDA:6199,644,1,107
BRDA:6200,645,0,62
BRDA:6200,645,1,45
BRDA:6200,646,0,107
BRDA:6200,646,1,107
BRDA:6201,647,0,62
BRDA:6201,647,1,47
BRDA:6212,648,0,1
BRDA:6212,648,1,109
BRDA:6214,649,0,109
BRDA:6214,649,1,0
BRDA:6215,650,0,12
BRDA:6215,650,1,97
BRDA:6238,651,0,2484
BRDA:6238,651,1,2446
BRDA:6240,652,0,13
BRDA:6240,652,1,2471
BRDA:6241,653,0,0
BRDA:6241,653,1,13
BRDA:6242,654,0,12
BRDA:6242,654,1,1
BRDA:6328,655,0,304
BRDA:6328,655,1,995
BRDA:6360,656,0,8
BRDA:6360,656,1,0
BRDA:6381,657,0,2
BRDA:6381,657,1,349
BRDA:6469,658,0,307
BRDA:6469,658,1,14
BRDA:6497,659,0,86
BRDA:6497,659,1,0
BRDA:6500,660,0,25
BRDA:6500,660,1,61
BRDA:6501,661,0,1
BRDA:6501,661,1,24
BRDA:6509,662,0,0
BRDA:6509,662,1,86
BRDA:6509,663,0,86
BRDA:6509,663,1,0
BRDA:6515,664,0,0
BRDA:6515,664,1,0
BRDA:6515,665,0,0
BRDA:6515,665,1,0
BRDA:6539,666,0,254
BRDA:6539,666,1,9
BRDA:6542,667,0,31
BRDA:6542,667,1,223
BRDA:6543,668,0,16
BRDA:6543,668,1,15
BRDA:6644,669,0,27
BRDA:6644,669,1,18
BRDA:6645,670,0,11
BRDA:6645,670,1,16
BRDA:6648,671,0,5
BRDA:6648,671,1,13
BRDA:6669,672,0,2
BRDA:6669,672,1,0
BRDA:6672,673,0,4
BRDA:6672,673,1,1
BRDA:6734,674,0,6
BRDA:6734,674,1,13
BRDA:6735,675,0,4
BRDA:6735,675,1,9
BRDA:6740,676,0,10
BRDA:6740,676,1,7
BRDA:6740,676,2,25
BRDA:6752,677,0,24
BRDA:6752,677,1,18
BRDA:6801,678,0,0
BRDA:6801,678,1,23
BRDA:6801,679,0,23
BRDA:6801,679,1,0
BRDA:6803,680,0,0
BRDA:6803,680,1,0
BRDA:6820,681,0,24
BRDA:6820,681,1,109
BRDA:6822,682,0,106
BRDA:6822,682,1,268
BRDA:6871,683,0,1
BRDA:6871,683,1,9
BRDA:6871,684,0,10
BRDA:6871,684,1,9
BRDA:6871,684,2,9
BRDA:6881,685,0,2
BRDA:6881,685,1,8
BRDA:6900,686,0,0
BRDA:6900,686,1,10
BRDA:6900,687,0,10
BRDA:6900,687,1,0
BRDA:6945,688,0,0
BRDA:6945,688,1,0
BRDA:6958,689,0,0
BRDA:6958,689,1,0
BRDA:6979,690,0,0
BRDA:6979,690,1,0
BRDA:6979,691,0,0
BRDA:6979,691,1,0
BRDA:7002,692,0,9
BRDA:7002,692,1,16
BRDA:7032,693,0,1
BRDA:7032,693,1,0
BRDA:7034,694,0,0
BRDA:7034,694,1,0
BRDA:7046,695,0,1
BRDA:7046,695,1,5
BRDA:7050,696,0,1
BRDA:7050,696,1,4
BRDA:7055,697,0,1
BRDA:7055,697,1,42
BRDA:7082,698,0,0
BRDA:7082,698,1,0
BRDA:7086,699,0,0
BRDA:7086,699,1,0
BRDA:7140,700,0,164
BRDA:7140,700,1,22
BRDA:7167,701,0,7
BRDA:7167,701,1,37
BRDA:7168,702,0,2
BRDA:7168,702,1,5
BRDA:7168,703,0,7
BRDA:7168,703,1,5
BRDA:7179,704,0,5
BRDA:7179,704,1,32
BRDA:7179,705,0,37
BRDA:7179,705,1,35
BRDA:7205,706,0,27
BRDA:7205,706,1,0
BRDA:7213,707,0,1
BRDA:7213,707,1,60
BRDA:7214,708,0,1
BRDA:7214,708,1,1
BRDA:7215,709,0,1
BRDA:7215,709,1,0
BRDA:7216,710,0,13
BRDA:7216,710,1,47
BRDA:7217,711,0,13
BRDA:7217,711,1,9
BRDA:7218,712,0,4
BRDA:7218,712,1,9
BRDA:7219,713,0,24
BRDA:7219,713,1,23
BRDA:7241,714,0,84
BRDA:7241,714,1,83
BRDA:7241,714,2,1
BRDA:7270,715,0,13
BRDA:7270,715,1,119
BRDA:7298,716,0,183
BRDA:7298,716,1,8
BRDA:7334,717,0,16
BRDA:7334,717,1,154
BRDA:7338,718,0,138
BRDA:7338,718,1,16
BRDA:7372,719,0,0
BRDA:7372,719,1,5
BRDA:7375,720,0,5
BRDA:7375,720,1,0
BRDA:7377,721,0,0
BRDA:7377,721,1,5
BRDA:7385,722,0,0
BRDA:7385,722,1,5
BRDA:7408,723,0,1
BRDA:7408,723,1,4
BRDA:7420,724,0,4
BRDA:7420,724,1,0
BRDA:7426,725,0,0
BRDA:7426,725,1,4
BRDA:7437,726,0,0
BRDA:7437,726,1,3
BRDA:7442,727,0,1
BRDA:7442,727,1,2
BRDA:7461,728,0,0
BRDA:7461,728,1,0
BRDA:7463,729,0,0
BRDA:7463,729,1,0
BRDA:7473,730,0,0
BRDA:7473,730,1,0
BRDA:7479,731,0,0
BRDA:7479,731,1,0
BRDA:7553,732,0,9
BRDA:7553,732,1,584
BRDA:7554,733,0,1
BRDA:7554,733,1,583
BRDA:7560,734,0,1
BRDA:7560,734,1,582
BRDA:7560,735,0,583
BRDA:7560,735,1,330
BRDA:7562,736,0,11
BRDA:7562,736,1,571
BRDA:7562,737,0,582
BRDA:7562,737,1,253
BRDA:7562,737,2,252
BRDA:7564,738,0,330
BRDA:7564,738,1,241
BRDA:7564,739,0,571
BRDA:7564,739,1,242
BRDA:7567,740,0,241
BRDA:7567,740,1,0
BRDA:7567,741,0,241
BRDA:7567,741,1,241
BRDA:7572,742,0,5
BRDA:7572,742,1,566
BRDA:7578,743,0,16
BRDA:7578,743,1,240
BRDA:7588,744,0,7
BRDA:7588,744,1,553
BRDA:7588,745,0,560
BRDA:7588,745,1,13
BRDA:7596,746,0,6
BRDA:7596,746,1,547
BRDA:7630,747,0,329
BRDA:7630,747,1,1
BRDA:7637,748,0,0
BRDA:7637,748,1,330
BRDA:7671,749,0,0
BRDA:7671,749,1,42
BRDA:7672,750,0,42
BRDA:7672,750,1,0
BRDA:7672,751,0,42
BRDA:7672,751,1,0
BRDA:7725,752,0,11
BRDA:7725,752,1,41
BRDA:7725,753,0,52
BRDA:7725,753,1,52
BRDA:7725,753,2,52
BRDA:7730,754,0,0
BRDA:7730,754,1,41
BRDA:7754,755,0,330
BRDA:7754,755,1,262
BRDA:7756,756,0,4
BRDA:7756,756,1,258
BRDA:7756,757,0,262
BRDA:7756,757,1,262
BRDA:7756,757,2,260
BRDA:7756,757,3,18
BRDA:7760,758,0,14
BRDA:7760,758,1,244
BRDA:7760,759,0,258
BRDA:7760,759,1,256
BRDA:7879,760,0,0
BRDA:7879,760,1,0
BRDA:7883,761,0,0
BRDA:7883,761,1,0
BRDA:7900,762,0,11
BRDA:7900,762,1,93
BRDA:7900,763,0,104
BRDA:7900,763,1,11
BRDA:7905,764,0,0
BRDA:7905,764,1,93
BRDA:7905,765,0,93
BRDA:7905,765,1,0
BRDA:7909,766,0,5
BRDA:7909,766,1,88
BRDA:7913,767,0,18
BRDA:7913,767,1,70
BRDA:7914,768,0,17
BRDA:7914,768,1,71
BRDA:7924,769,0,5
BRDA:7924,769,1,5
BRDA:7929,770,0,0
BRDA:7929,770,1,5
BRDA:7934,771,0,1
BRDA:7934,771,1,4
BRDA:7935,772,0,1
BRDA:7935,772,1,4
BRDA:7936,773,0,1
BRDA:7936,773,1,4
BRDA:7953,774,0,50
BRDA:7953,774,1,3415
BRDA:7953,775,0,3465
BRDA:7953,775,1,3419
BRDA:7956,776,0,406
BRDA:7956,776,1,3009
BRDA:7960,777,0,164
BRDA:7960,777,1,2845
BRDA:7961,778,0,11
BRDA:7961,778,1,153
BRDA:7961,779,0,164
BRDA:7961,779,1,164
BRDA:7961,779,2,11
BRDA:7968,780,0,2844
BRDA:7968,780,1,1
BRDA:7969,781,0,878
BRDA:7969,781,1,62
BRDA:7969,781,2,5
BRDA:7969,781,3,1899
BRDA:7982,782,0,384
BRDA:7982,782,1,1516
BRDA:7983,783,0,185
BRDA:7983,783,1,199
BRDA:7990,784,0,1
BRDA:7990,784,1,1515
BRDA:7990,785,0,1516
BRDA:7990,785,1,1
BRDA:7995,786,0,1515
BRDA:7995,786,1,0
BRDA:8005,787,0,879
BRDA:8005,787,1,502
BRDA:8006,788,0,879
BRDA:8006,788,1,502
BRDA:8014,789,0,0
BRDA:8014,789,1,879
BRDA:8018,790,0,0
BRDA:8018,790,1,0
BRDA:8018,791,0,0
BRDA:8018,791,1,0
BRDA:8019,792,0,0
BRDA:8019,792,1,0
BRDA:8033,793,0,1733
BRDA:8033,793,1,94
BRDA:8033,794,0,1827
BRDA:8033,794,1,1057
BRDA:8034,795,0,764
BRDA:8034,795,1,969
BRDA:8040,796,0,466
BRDA:8040,796,1,413
BRDA:8041,797,0,466
BRDA:8041,797,1,372
BRDA:8067,798,0,1
BRDA:8067,798,1,1
BRDA:8069,799,0,0
BRDA:8069,799,1,1
BRDA:8095,800,0,3185
BRDA:8095,800,1,1
BRDA:8098,801,0,3185
BRDA:8098,801,1,3019
BRDA:8098,801,2,2994
BRDA:8129,802,0,7997
BRDA:8129,802,1,1
BRDA:8132,803,0,1
BRDA:8132,803,1,1
BRDA:8139,804,0,1
BRDA:8139,804,1,0
BRDA:8139,805,0,1
BRDA:8139,805,1,1
BRDA:8141,806,0,0
BRDA:8141,806,1,0
BRDA:8148,807,0,0
BRDA:8148,807,1,0
BRDA:8155,808,0,0
BRDA:8155,808,1,0
BRDA:8161,809,0,0
BRDA:8161,809,1,0
BRDA:8171,810,0,0
BRDA:8171,810,1,1
BRDA:8171,811,0,1
BRDA:8171,811,1,0
BRDA:8171,812,0,0
BRDA:8171,812,1,0
BRDA:8192,813,0,235
BRDA:8192,813,1,235
BRDA:8323,814,0,1
BRDA:8323,814,1,1
BRDA:8323,814,2,1
BRDA:8344,815,0,0
BRDA:8344,815,1,14
BRDA:8351,816,0,3
BRDA:8351,816,1,11
BRDA:8352,817,0,0
BRDA:8352,817,1,3
BRDA:8353,818,0,9
BRDA:8353,818,1,2
BRDA:8354,819,0,1
BRDA:8354,819,1,8
BRDA:8357,820,0,2
BRDA:8357,820,1,0
BRDA:8357,821,0,2
BRDA:8357,821,1,2
BRDA:8358,822,0,0
BRDA:8358,822,1,2
BRDA:8358,823,0,2
BRDA:8358,823,1,0
BRDA:8360,824,0,2
BRDA:8360,824,1,0
BRDA:8364,825,0,0
BRDA:8364,825,1,14
BRDA:8369,826,0,14
BRDA:8369,826,1,0
BRDA:8380,827,0,1
BRDA:8380,827,1,13
BRDA:8380,828,0,14
BRDA:8380,828,1,14
BRDA:8383,829,0,1
BRDA:8383,829,1,12
BRDA:8385,830,0,0
BRDA:8385,830,1,1
BRDA:8392,831,0,9
BRDA:8392,831,1,3
BRDA:8394,832,0,0
BRDA:8394,832,1,3
BRDA:8394,833,0,3
BRDA:8394,833,1,3
BRDA:8394,833,2,0
BRDA:8404,834,0,117
BRDA:8404,834,1,117
BRDA:8408,835,0,0
BRDA:8408,835,1,0
BRDA:8408,836,0,0
BRDA:8408,836,1,0
BRDA:8413,837,0,0
BRDA:8413,837,1,0
BRDA:8414,838,0,0
BRDA:8414,838,1,0
BRDA:8418,839,0,0
BRDA:8418,839,1,0
BRDA:8419,840,0,0
BRDA:8419,840,1,0
BRDA:8424,841,0,0
BRDA:8424,841,1,0
BRDA:8424,841,2,0
BRDA:8424,841,3,0
BRDA:8424,841,4,0
BRDA:8424,841,5,0
BRDA:8424,841,6,0
BRDA:8424,841,7,0
BRDA:8424,841,8,0
BRDA:8424,841,9,0
BRDA:8424,841,10,0
BRDA:8424,841,11,0
BRDA:8443,842,0,0
BRDA:8443,842,1,0
BRDA:8445,843,0,0
BRDA:8445,843,1,0
BRDA:8447,844,0,0
BRDA:8447,844,1,0
BRDA:8452,845,0,0
BRDA:8452,845,1,0
BRDA:8472,846,0,0
BRDA:8472,846,1,0
BRDA:8472,846,2,0
BRDA:8472,846,3,0
BRDA:8472,846,4,0
BRDA:8472,846,5,0
BRDA:8472,846,6,0
BRDA:8472,846,7,0
BRDA:8472,846,8,8
BRDA:8472,846,9,8
BRDA:8472,846,10,1
BRDA:8472,846,11,0
BRDA:8472,847,0,9
BRDA:8472,847,1,8
BRDA:8509,848,0,4
BRDA:8509,848,1,0
BRDA:8509,849,0,4
BRDA:8509,849,1,0
BRDA:8511,850,0,0
BRDA:8511,850,1,4
BRDA:8512,851,0,0
BRDA:8512,851,1,4
BRDA:8513,852,0,0
BRDA:8513,852,1,4
BRDA:8514,853,0,1
BRDA:8514,853,1,3
BRDA:8517,854,0,0
BRDA:8517,854,1,3
BRDA:8517,854,2,3
BRDA:8517,854,3,0
BRDA:8517,854,4,0
BRDA:8517,854,5,0
BRDA:8517,854,6,0
BRDA:8517,854,7,0
BRDA:8517,854,8,0
BRDA:8517,854,9,0
BRDA:8517,854,10,0
BRDA:8541,855,0,0
BRDA:8541,855,1,0
BRDA:8550,856,0,0
BRDA:8550,856,1,0
BRDA:8557,857,0,0
BRDA:8557,857,1,0
BRDA:8559,858,0,0
BRDA:8559,858,1,0
BRDA:8566,859,0,0
BRDA:8566,859,1,0
BRDA:8583,860,0,0
BRDA:8583,860,1,0
BRDA:8585,861,0,0
BRDA:8585,861,1,0
BRDA:8589,862,0,0
BRDA:8589,862,1,0
BRDA:8596,863,0,0
BRDA:8596,863,1,0
BRDA:8598,864,0,0
BRDA:8598,864,1,0
BRDA:8603,865,0,0
BRDA:8603,865,1,0
BRDA:8636,866,0,9
BRDA:8636,866,1,0
BRDA:8637,867,0,9
BRDA:8637,867,1,0
BRDA:8648,868,0,9
BRDA:8648,868,1,9
BRDA:8650,869,0,9
BRDA:8650,869,1,0
BRDA:8654,870,0,0
BRDA:8654,870,1,0
BRDA:8658,871,0,9
BRDA:8658,871,1,8
BRDA:8661,872,0,0
BRDA:8661,872,1,8
BRDA:8661,872,2,8
BRDA:8661,872,3,0
BRDA:8661,872,4,0
BRDA:8661,872,5,1
BRDA:8661,872,6,0
BRDA:8661,872,7,0
BRDA:8661,872,8,0
BRDA:8661,872,9,0
BRDA:8661,872,10,0
BRDA:8693,873,0,0
BRDA:8693,873,1,0
BRDA:8698,874,0,0
BRDA:8698,874,1,0
BRDA:8698,875,0,0
BRDA:8698,875,1,0
BRDA:8711,876,0,37
BRDA:8711,876,1,2
BRDA:8739,877,0,0
BRDA:8739,877,1,0
BRDA:8739,878,0,0
BRDA:8739,878,1,0
BRDA:8740,879,0,0
BRDA:8740,879,1,0
BRDA:8740,880,0,0
BRDA:8740,880,1,0
BRDA:8740,880,2,0
BRDA:8761,881,0,0
BRDA:8761,881,1,0
BRDA:8763,882,0,0
BRDA:8763,882,1,0
BRDA:8765,883,0,0
BRDA:8765,883,1,0
BRDA:8767,884,0,0
BRDA:8767,884,1,0
BRDA:8771,885,0,0
BRDA:8771,885,1,0
BRDA:8773,886,0,0
BRDA:8773,886,1,0
BRDA:8775,887,0,0
BRDA:8775,887,1,0
BRDA:8779,888,0,0
BRDA:8779,888,1,0
BRDA:8782,889,0,0
BRDA:8782,889,1,0
BRDA:8798,890,0,0
BRDA:8798,890,1,0
BRDA:8798,891,0,0
BRDA:8798,891,1,0
BRDA:8800,892,0,0
BRDA:8800,892,1,0
BRDA:8805,893,0,0
BRDA:8805,893,1,0
BRDA:8811,894,0,0
BRDA:8811,894,1,0
BRDA:8817,895,0,0
BRDA:8817,895,1,0
BRDA:8823,896,0,0
BRDA:8823,896,1,0
BRDA:8833,897,0,0
BRDA:8833,897,1,0
BRDA:8843,898,0,0
BRDA:8843,898,1,0
BRDA:8845,899,0,0
BRDA:8845,899,1,0
BRDA:8851,900,0,0
BRDA:8851,900,1,0
BRDA:8854,901,0,0
BRDA:8854,901,1,0
BRDA:8858,902,0,0
BRDA:8858,902,1,0
BRDA:8861,903,0,0
BRDA:8861,903,1,0
BRDA:8865,904,0,0
BRDA:8865,904,1,0
BRDA:8875,905,0,0
BRDA:8875,905,1,0
BRDA:8885,906,0,0
BRDA:8885,906,1,0
BRDA:8891,907,0,0
BRDA:8891,907,1,0
BRDA:8897,908,0,0
BRDA:8897,908,1,0
BRDA:8903,909,0,0
BRDA:8903,909,1,0
BRDA:8909,910,0,0
BRDA:8909,910,1,0
BRDA:8910,911,0,0
BRDA:8910,911,1,0
BRDA:8910,912,0,0
BRDA:8910,912,1,0
BRDA:8911,913,0,0
BRDA:8911,913,1,0
BRDA:8917,914,0,0
BRDA:8917,914,1,0
BRDA:8919,915,0,0
BRDA:8919,915,1,0
BRDA:8925,916,0,0
BRDA:8925,916,1,0
BRDA:8927,917,0,0
BRDA:8927,917,1,0
BRDA:8928,918,0,0
BRDA:8928,918,1,0
BRDA:8935,919,0,0
BRDA:8935,919,1,0
BRDA:8937,920,0,0
BRDA:8937,920,1,0
BRDA:8947,921,0,0
BRDA:8947,921,1,0
BRDA:8949,922,0,0
BRDA:8949,922,1,0
BRDA:8957,923,0,0
BRDA:8957,923,1,0
BRDA:8959,924,0,0
BRDA:8959,924,1,0
BRDA:8966,925,0,0
BRDA:8966,925,1,0
BRDA:8968,926,0,0
BRDA:8968,926,1,0
BRDA:8980,927,0,0
BRDA:8980,927,1,0
BRDA:8982,928,0,0
BRDA:8982,928,1,0
BRDA:8994,929,0,0
BRDA:8994,929,1,0
BRDA:8996,930,0,0
BRDA:8996,930,1,0
BRDA:8997,931,0,0
BRDA:8997,931,1,0
BRDA:9005,932,0,0
BRDA:9005,932,1,0
BRDA:9007,933,0,0
BRDA:9007,933,1,0
BRDA:9017,934,0,0
BRDA:9017,934,1,0
BRDA:9019,935,0,0
BRDA:9019,935,1,0
BRDA:9029,936,0,0
BRDA:9029,936,1,0
BRDA:9031,937,0,0
BRDA:9031,937,1,0
BRDA:9043,938,0,0
BRDA:9043,938,1,0
BRDA:9045,939,0,0
BRDA:9045,939,1,0
BRDA:9046,940,0,0
BRDA:9046,940,1,0
BRDA:9056,941,0,0
BRDA:9056,941,1,0
BRDA:9056,942,0,0
BRDA:9056,942,1,0
BRDA:9057,943,0,0
BRDA:9057,943,1,0
BRDA:9061,944,0,0
BRDA:9061,944,1,0
BRDA:9076,945,0,0
BRDA:9076,945,1,0
BRDA:9094,946,0,0
BRDA:9094,946,1,0
BRDA:9095,947,0,0
BRDA:9095,947,1,0
BRDA:9095,948,0,0
BRDA:9095,948,1,0
BRDA:9096,949,0,0
BRDA:9096,949,1,0
BRDA:9099,950,0,0
BRDA:9099,950,1,0
BRDA:9100,951,0,0
BRDA:9100,951,1,0
BRDA:9100,952,0,0
BRDA:9100,952,1,0
BRDA:9103,953,0,0
BRDA:9103,953,1,0
BRDA:9104,954,0,0
BRDA:9104,954,1,0
BRDA:9104,955,0,0
BRDA:9104,955,1,0
BRDA:9106,956,0,0
BRDA:9106,956,1,0
BRDA:9106,957,0,0
BRDA:9106,957,1,0
BRDA:9107,958,0,0
BRDA:9107,958,1,0
BRDA:9107,959,0,0
BRDA:9107,959,1,0
BRDA:9110,960,0,0
BRDA:9110,960,1,0
BRDA:9112,961,0,0
BRDA:9112,961,1,0
BRDA:9117,962,0,0
BRDA:9117,962,1,0
BRDA:9117,963,0,0
BRDA:9117,963,1,0
BRDA:9128,964,0,0
BRDA:9128,964,1,0
BRDA:9129,965,0,0
BRDA:9129,965,1,0
BRDA:9130,966,0,0
BRDA:9130,966,1,0
BRDA:9132,967,0,0
BRDA:9132,967,1,0
BRDA:9135,968,0,0
BRDA:9135,968,1,0
BRDA:9136,969,0,0
BRDA:9136,969,1,0
BRDA:9138,970,0,0
BRDA:9138,970,1,0
BRDA:9138,971,0,0
BRDA:9138,971,1,0
BRDA:9139,972,0,0
BRDA:9139,972,1,0
BRDA:9139,973,0,0
BRDA:9139,973,1,0
BRDA:9142,974,0,0
BRDA:9142,974,1,0
BRDA:9162,975,0,0
BRDA:9162,975,1,0
BRDA:9163,976,0,0
BRDA:9163,976,1,0
BRDA:9252,977,0,1
BRDA:9252,977,1,0
BRDA:9257,978,0,13
BRDA:9257,978,1,12
BRDA:9257,978,2,12
BRDA:9257,978,3,9
BRDA:9257,978,4,0
BRDA:9263,979,0,0
BRDA:9263,979,1,0
BRDA:9271,980,0,202
BRDA:9271,980,1,0
BRDA:9275,981,0,0
BRDA:9275,981,1,0
BRDA:9275,982,0,0
BRDA:9275,982,1,0
BRDA:9314,983,0,0
BRDA:9314,983,1,112
BRDA:9314,984,0,112
BRDA:9314,984,1,112
BRDA:9335,985,0,1
BRDA:9335,985,1,0
BRDA:9347,986,0,0
BRDA:9347,986,1,30
BRDA:9349,987,0,0
BRDA:9349,987,1,30
BRDA:9351,988,0,0
BRDA:9351,988,1,30
BRDA:9353,989,0,6
BRDA:9353,989,1,24
BRDA:9355,990,0,10
BRDA:9355,990,1,14
BRDA:9357,991,0,14
BRDA:9357,991,1,0
BRDA:9364,992,0,0
BRDA:9364,992,1,2
BRDA:9374,993,0,0
BRDA:9374,993,1,2
BRDA:9374,994,0,2
BRDA:9374,994,1,0
BRDA:9380,995,0,2
BRDA:9380,995,1,0
BRDA:9395,996,0,0
BRDA:9395,996,1,2
BRDA:9398,997,0,2
BRDA:9398,997,1,0
BRDA:9428,998,0,0
BRDA:9428,998,1,0
BRDA:9449,999,0,0
BRDA:9449,999,1,1
BRDA:9458,1000,0,0
BRDA:9458,1000,1,0
BRDA:9459,1001,0,0
BRDA:9459,1001,1,0
BRDA:9474,1002,0,0
BRDA:9474,1002,1,0
BRDA:9476,1003,0,0
BRDA:9476,1003,1,0
BRDA:9477,1004,0,0
BRDA:9477,1004,1,0
BRDA:9477,1005,0,0
BRDA:9477,1005,1,0
BRDA:9482,1006,0,0
BRDA:9482,1006,1,0
BRDA:9490,1007,0,0
BRDA:9490,1007,1,0
BRDA:9491,1008,0,0
BRDA:9491,1008,1,0
BRDA:9492,1009,0,0
BRDA:9492,1009,1,0
BRDA:9493,1010,0,0
BRDA:9493,1010,1,0
BRDA:9493,1011,0,0
BRDA:9493,1011,1,0
BRDA:9493,1011,2,0
BRDA:9497,1012,0,0
BRDA:9497,1012,1,0
BRDA:9497,1013,0,0
BRDA:9497,1013,1,0
BRDA:9498,1014,0,0
BRDA:9498,1014,1,0
BRDA:9502,1015,0,0
BRDA:9502,1015,1,0
BRDA:9506,1016,0,0
BRDA:9506,1016,1,0
BRDA:9511,1017,0,0
BRDA:9511,1017,1,0
BRDA:9516,1018,0,0
BRDA:9516,1018,1,0
BRDA:9519,1019,0,0
BRDA:9519,1019,1,0
BRDA:9568,1020,0,1
BRDA:9568,1020,1,0
BRDA:9569,1021,0,0
BRDA:9569,1021,1,0
BRDA:9578,1022,0,1
BRDA:9578,1022,1,1
BRDA:9580,1023,0,1
BRDA:9580,1023,1,1
BRDA:9580,1023,2,1
BRDA:9584,1024,0,0
BRDA:9584,1024,1,1
BRDA:9588,1025,0,1
BRDA:9588,1025,1,0
BRDA:9592,1026,0,484
BRDA:9592,1026,1,0
BRDA:9592,1027,0,484
BRDA:9592,1027,1,0
BRDA:9592,1027,2,484
BRDA:9594,1028,0,484
BRDA:9594,1028,1,0
BRF:2171
BRH:1264
end_of_record
